2026-04-12T04:38:12.554Z  [BOT] Starting up…
2026-04-12T04:38:13.077Z  [HISTORY] Warmed 50 settled outcomes for calibration/context
2026-04-12T04:38:13.078Z  [HISTORY] Warmed 20 settled bets for UI history
2026-04-12T04:38:13.436Z  [PAPER] Warmed 2873 resolved paper analytics entries
2026-04-12T04:38:13.436Z  [PAPER] Restored 15281 pending paper prediction(s)
2026-04-12T04:38:13.438Z  [CLAIM] Warmed 50 claim record(s)
2026-04-12T04:38:13.444Z  [ML] Activated model 20260411T120821Z-s20 source=ml state=active thresholds=rtp_v1
2026-04-12T04:38:15.032Z  [CONTINUITY] mode=live model=20260411T120821Z-s20 state=active thresholds=rtp_v1
2026-04-12T04:38:15.032Z  [CONTINUITY] recent24 buy=100% exec=50% fail=8% reserve=29% | recent100 buy=100% exec=33% fail=13%
2026-04-12T04:38:15.063Z  [ML] Starting background bootstrap
2026-04-12T04:38:15.385Z  [HEARTBEAT] failed: PolyApiException[status_code=400, error_message={'heartbeat_id': 'bd151384-6cf2-46a8-b042-1e83eb9a3647', 'error_msg': 'Invalid Heartbeat ID'}]
2026-04-12T04:38:15.402Z  [MKT] Window: Bitcoin Up or Down - April 12, 12:35AM-12:40AM ET | beat=$0.00 | ends 04:40:00 UTC
2026-04-12T04:38:15.632Z  [HL] Hyperliquid WebSocket connected
2026-04-12T04:38:15.730Z  [BTC] Binance WebSocket connected
2026-04-12T04:38:16.099Z  [CLAIM] scan startup candidates=0 claimable=$42.54 pending=$50.00 mode=enabled status=address:ok,funder:ok
2026-04-12T04:38:20.018Z  [ML] Backfilled 1 pending label(s) from feature logs
2026-04-12T04:38:20.995Z  [MKT] Beat price set retroactively: $71,573.46
2026-04-12T04:38:21.349Z  [MKTWS] Market WebSocket connected
2026-04-12T04:38:25.384Z  [SIGNAL/RESERVE] SKIP conf=0.68 src=ml U=31.7% D=68.3% | ml: candidate confidence 68% below 74%
2026-04-12T04:38:26.831Z  [ML] Bootstrap trained 20260412T043825Z-s20 state=shadow ap=0.750 cv_ap=0.766 ev=+0.69
2026-04-12T04:38:30.856Z  [SIGNAL/EARLY_EXEC] SKIP conf=0.72 src=ml U=27.9% D=72.1% | ml: candidate confidence 72% below 74%
2026-04-12T04:38:45.951Z  [SIGNAL/EARLY_EXEC] BUY_DOWN conf=0.78 src=ml U=22.3% D=77.7% | ml: BUY_DOWN prob=78% edge=+46.6%
2026-04-12T04:38:45.953Z  [EXECUTE] 225s | BTC 0.04% → DOWN @ 0.530 | align=0 CVD=NONE | placing live order…
2026-04-12T04:38:46.224Z  [KELLY/MIN_ORDER] $1.00 -> $2.65 (5.00 shares @ 0.53)
2026-04-12T04:38:46.224Z  [KELLY/GOLD] bankroll=$9.58 conf=0.78 implied=0.530 → bet=$2.65
2026-04-12T04:38:47.141Z  [LIVE/GOLD] BET DOWN $2.65 @ 0.530 align=0 CVD=NONE | order=0xe13f3d1c2f3f338be50754e932dd59177c8c947cfdc4f7bdda7f0bc50075462e
2026-04-12T04:38:56.155Z  [SIGNAL/EARLY_EXEC] SKIP conf=0.70 src=ml U=29.9% D=70.1% | ml: candidate confidence 70% below 74%
2026-04-12T04:39:06.172Z  [SIGNAL/LATE_EXEC] SKIP conf=0.61 src=ml U=39.2% D=60.8% | ml: candidate confidence 61% below 78%
2026-04-12T04:39:50.589Z  [SIGNAL/TOO_LATE] SKIP conf=0.65 src=ml U=34.5% D=65.5% | ml: edge +0.7% below 5%
2026-04-12T04:40:03.476Z  [MKT] Window: Bitcoin Up or Down - April 12, 12:40AM-12:45AM ET | beat=$71,589.57 | ends 04:45:00 UTC
2026-04-12T04:40:03.667Z  [SIGNAL/OBSERVE] SKIP conf=0.60 src=ml U=39.6% D=60.4% | ml: edge -38.9% below 5%
2026-04-12T04:40:04.129Z  [MKTWS] Market WebSocket connected
2026-04-12T04:40:05.677Z  [SIGNAL/OBSERVE] SKIP conf=0.65 src=ml U=34.5% D=65.5% | ml: candidate confidence 65% below 70%
2026-04-12T04:40:10.697Z  [SIGNAL/OBSERVE] SKIP conf=0.53 src=ml U=47.1% D=52.9% | ml: candidate confidence 53% below 70%
2026-04-12T04:40:15.707Z  [SETTLE_POLL] No Chainlink settlement yet for 0xe4adf0 (15s post-expiry) — will retry
2026-04-12T04:40:15.983Z  [PRED/LIVE] DOWN MISS | actual=UP gate=— window=04:35
2026-04-12T04:40:21.016Z  [SIGNAL/OBSERVE] SKIP conf=0.65 src=ml U=35.3% D=64.7% | ml: candidate confidence 65% below 70%
2026-04-12T04:41:16.492Z  [SETTLE_POLL] No Chainlink settlement yet for 0xe4adf0 (76s post-expiry) — will retry
2026-04-12T04:41:45.674Z  [SIGNAL/OBSERVE] SKIP conf=0.61 src=ml U=39.2% D=60.8% | ml: candidate confidence 61% below 70%
2026-04-12T04:42:17.098Z  [SETTLE_POLL] No Chainlink settlement yet for 0xe4adf0 (137s post-expiry) — will retry
2026-04-12T04:42:33.002Z  [SIGNAL/OBSERVE] SKIP conf=0.60 src=ml U=39.6% D=60.4% | ml: candidate confidence 60% below 70%
2026-04-12T04:42:40.079Z  [SIGNAL/OBSERVE] SKIP conf=0.51 src=ml U=49.4% D=50.6% | ml: probability spread 1.2% too small
2026-04-12T04:43:01.226Z  [SIGNAL/RESERVE] SKIP conf=0.51 src=ml U=49.4% D=50.6% | ml: probability spread 1.2% too small
2026-04-12T04:43:06.281Z  [SIGNAL/RESERVE] SKIP conf=0.61 src=ml U=39.2% D=60.8% | ml: candidate confidence 61% below 74%
2026-04-12T04:43:11.324Z  [SIGNAL/RESERVE] SKIP conf=0.53 src=ml U=47.1% D=52.9% | ml: candidate confidence 53% below 74%
2026-04-12T04:43:17.669Z  [SETTLE_POLL] No Chainlink settlement yet for 0xe4adf0 (197s post-expiry) — will retry
2026-04-12T04:43:17.980Z  [CLAIM] queued $5.01 (0xe4adf0…)
2026-04-12T04:43:18.964Z  [CLAIM] submitted $5.01 (0xe4adf0…)
2026-04-12T04:43:27.544Z  [CLAIM] confirmed $5.01 (0xe4adf0…)
2026-04-12T04:43:28.395Z  [CLAIM] scan scheduled candidates=1 claimable=$42.54 pending=$50.00 mode=enabled status=address:ok,funder:ok
2026-04-12T04:43:31.289Z  [SIGNAL/EARLY_EXEC] SKIP conf=0.53 src=ml U=47.1% D=52.9% | ml: candidate confidence 53% below 74%
2026-04-12T04:43:46.404Z  [SIGNAL/EARLY_EXEC] SKIP conf=0.72 src=ml U=27.9% D=72.1% | ml: candidate confidence 72% below 74%
2026-04-12T04:43:51.444Z  [SIGNAL/EARLY_EXEC] BUY_DOWN conf=0.87 src=ml U=13.2% D=86.8% | ml: BUY_DOWN prob=87% edge=+60.7%
2026-04-12T04:43:51.445Z  [EXECUTE] 231s | BTC 0.03% → DOWN @ 0.540 | align=4 CVD=NONE | placing live order…
2026-04-12T04:43:51.634Z  [KELLY/MIN_ORDER] $1.00 -> $2.70 (5.00 shares @ 0.54)
2026-04-12T04:43:51.634Z  [KELLY/GOLD] bankroll=$11.94 conf=0.87 implied=0.540 → bet=$2.70
2026-04-12T04:43:52.547Z  [TRADE] Order failed (PLACEMENT_FAILED) retryable=True consumed=False attempt=1: PolyApiException[status_code=400, error_message={'error': "order couldn't be fully filled. FOK orders are fully filled or killed."}]
2026-04-12T04:43:55.555Z  [EXECUTE] 235s | BTC 0.03% → DOWN @ 0.500 | align=3 CVD=NONE | placing live order…
2026-04-12T04:43:55.743Z  [KELLY/MIN_ORDER] $1.00 -> $2.50 (5.00 shares @ 0.50)
2026-04-12T04:43:55.743Z  [KELLY/GOLD] bankroll=$11.94 conf=0.87 implied=0.500 → bet=$2.50
2026-04-12T04:43:56.585Z  [TRADE] Order failed (PLACEMENT_FAILED) retryable=True consumed=False attempt=2: PolyApiException[status_code=400, error_message={'error': "order couldn't be fully filled. FOK orders are fully filled or killed."}]
2026-04-12T04:44:00.598Z  [SIGNAL/LATE_EXEC] BUY_DOWN conf=0.87 src=ml U=13.2% D=86.8% | ml: BUY_DOWN prob=87% edge=+73.6%
2026-04-12T04:44:00.600Z  [EXECUTE] 240s | BTC 0.03% → DOWN @ 0.500 | align=3 CVD=NONE | placing live order…
2026-04-12T04:44:00.809Z  [KELLY/MIN_ORDER] $1.00 -> $2.50 (5.00 shares @ 0.50)
2026-04-12T04:44:00.809Z  [KELLY/GOLD] bankroll=$11.94 conf=0.87 implied=0.500 → bet=$2.50
2026-04-12T04:44:01.681Z  [LIVE/GOLD] BET DOWN $2.50 @ 0.500 align=3 CVD=NONE | order=0x1b9bfbd6019dbf8accdc38620a97e774fcd4b5cb02aab412baffd2e25c59a35a
2026-04-12T04:44:15.712Z  [SIGNAL/LATE_EXEC] SKIP conf=0.78 src=ml U=22.3% D=77.7% | ml: candidate confidence 78% below 78%
2026-04-12T04:44:18.248Z  [SETTLE_POLL] No Chainlink settlement yet for 0xe4adf0 (258s post-expiry) — will retry
2026-04-12T04:44:31.835Z  [SIGNAL/LATE_EXEC] SKIP conf=0.72 src=ml U=27.9% D=72.1% | ml: edge -1.2% below 5%
2026-04-12T04:44:37.896Z  [SIGNAL/LATE_EXEC] BUY_DOWN conf=0.83 src=ml U=16.5% D=83.5% | ml: BUY_DOWN prob=83% edge=+66.9%
2026-04-12T04:44:37.896Z  [SHADOW] BUY_DOWN conf=83% — blocked by GATE_LATE_PROXIMITY_RISK
2026-04-12T04:44:40.976Z  [SIGNAL/LATE_EXEC] SKIP conf=0.78 src=ml U=22.3% D=77.7% | ml: candidate confidence 78% below 78%
2026-04-12T04:44:53.073Z  [SIGNAL/TOO_LATE] SKIP conf=0.72 src=ml U=27.9% D=72.1% | ml: edge -3.2% below 5%
2026-04-12T04:44:56.105Z  [SIGNAL/TOO_LATE] BUY_DOWN conf=0.83 src=ml U=16.5% D=83.5% | ml: BUY_DOWN prob=83% edge=+66.9%
2026-04-12T04:44:56.105Z  [SHADOW] BUY_DOWN conf=83% — blocked by GATE_TOO_LATE
2026-04-12T04:45:03.471Z  [MKT] Window: Bitcoin Up or Down - April 12, 12:45AM-12:50AM ET | beat=$71,590.69 | ends 04:50:00 UTC
2026-04-12T04:45:04.195Z  [MKTWS] Market WebSocket connected
2026-04-12T04:45:04.197Z  [SIGNAL/OBSERVE] SKIP conf=0.55 src=ml U=44.6% D=55.4% | ml: candidate confidence 55% below 70%
2026-04-12T04:45:06.218Z  [SIGNAL/OBSERVE] SKIP conf=0.65 src=ml U=34.5% D=65.5% | ml: candidate confidence 65% below 70%
2026-04-12T04:45:11.252Z  [SIGNAL/OBSERVE] SKIP conf=0.55 src=ml U=44.6% D=55.4% | ml: candidate confidence 55% below 70%
2026-04-12T04:45:16.296Z  [SIGNAL/OBSERVE] SKIP conf=0.65 src=ml U=35.3% D=64.7% | ml: candidate confidence 65% below 70%
2026-04-12T04:45:19.043Z  [SETTLE_POLL] No Chainlink settlement yet for 0x8aafd8 (19s post-expiry) — will retry
2026-04-12T04:45:19.287Z  [RESULT] DOWN LOST PnL=-2.65 actual=UP
2026-04-12T04:45:20.395Z  [PRED/LIVE] DOWN MISS | actual=UP gate=— window=04:40
2026-04-12T04:45:20.395Z  [PRED/LIVE] DOWN MISS | actual=UP gate=— window=04:40
2026-04-12T04:45:20.396Z  [PRED/LIVE] DOWN MISS | actual=UP gate=— window=04:40
2026-04-12T04:45:20.396Z  [PRED/LIVE] DOWN MISS | actual=UP gate=— window=04:40
2026-04-12T04:45:20.396Z  [PRED/LIVE] DOWN MISS | actual=UP gate=— window=04:40
2026-04-12T04:45:20.396Z  [PRED/LIVE] DOWN MISS | actual=UP gate=GATE_LATE_PROXIMITY_RISK window=04:40
2026-04-12T04:45:20.396Z  [PRED/LIVE] DOWN MISS | actual=UP gate=GATE_TOO_LATE window=04:40
2026-04-12T04:45:26.483Z  [SIGNAL/OBSERVE] BUY_DOWN conf=0.70 src=ml U=29.9% D=70.1% | ml: BUY_DOWN prob=70% edge=+23.0%
2026-04-12T04:45:30.513Z  [SIGNAL/OBSERVE] SKIP conf=0.65 src=ml U=34.5% D=65.5% | ml: candidate confidence 65% below 70%
2026-04-12T04:46:20.909Z  [SETTLE_POLL] No Chainlink settlement yet for 0x8aafd8 (80s post-expiry) — will retry
2026-04-12T04:47:00.662Z  [SIGNAL/OBSERVE] BUY_DOWN conf=0.87 src=ml U=13.2% D=86.8% | ml: BUY_DOWN prob=87% edge=+73.6%
2026-04-12T04:47:07.734Z  [SIGNAL/OBSERVE] BUY_DOWN conf=0.72 src=ml U=27.9% D=72.1% | ml: BUY_DOWN prob=72% edge=+44.3%
2026-04-12T04:47:12.778Z  [SIGNAL/OBSERVE] BUY_DOWN conf=0.83 src=ml U=16.5% D=83.5% | ml: BUY_DOWN prob=83% edge=+66.9%
2026-04-12T04:47:15.820Z  [SIGNAL/OBSERVE] SKIP conf=0.87 src=ml U=13.2% D=86.8% | ml: edge -2.5% below 5%
2026-04-12T04:47:20.887Z  [SIGNAL/OBSERVE] BUY_DOWN conf=0.78 src=ml U=22.3% D=77.7% | ml: BUY_DOWN prob=78% edge=+55.4%
2026-04-12T04:47:21.660Z  [SETTLE_POLL] No Chainlink settlement yet for 0x8aafd8 (141s post-expiry) — will retry
2026-04-12T04:47:28.024Z  [SIGNAL/OBSERVE] SKIP conf=0.72 src=ml U=27.9% D=72.1% | ml: edge -18.0% below 5%
2026-04-12T04:47:32.050Z  [SIGNAL/OBSERVE] SKIP conf=0.78 src=ml U=22.3% D=77.7% | ml: edge -8.6% below 5%
2026-04-12T04:47:40.107Z  [SIGNAL/OBSERVE] BUY_DOWN conf=0.78 src=ml U=22.3% D=77.7% | ml: BUY_DOWN prob=78% edge=+55.4%
2026-04-12T04:47:41.113Z  [SIGNAL/OBSERVE] SKIP conf=0.65 src=ml U=34.5% D=65.5% | ml: candidate confidence 65% below 70%
2026-04-12T04:48:01.316Z  [SIGNAL/RESERVE] SKIP conf=0.61 src=ml U=39.2% D=60.8% | ml: edge -21.0% below 4%
2026-04-12T04:48:09.370Z  [SIGNAL/RESERVE] SKIP conf=0.68 src=ml U=31.7% D=68.3% | ml: candidate confidence 68% below 74%
2026-04-12T04:48:11.399Z  [SIGNAL/RESERVE] SKIP conf=0.55 src=ml U=44.6% D=55.4% | ml: edge -27.1% below 4%
2026-04-12T04:48:21.500Z  [SIGNAL/RESERVE] SKIP conf=0.68 src=ml U=31.7% D=68.3% | ml: candidate confidence 68% below 74%
2026-04-12T04:48:22.469Z  [SETTLE_POLL] No Chainlink settlement yet for 0x8aafd8 (202s post-expiry) — will retry
2026-04-12T04:48:30.201Z  [CLAIM] queued $0.00 (0x8aafd8…)
2026-04-12T04:48:31.093Z  [CLAIM] submitted $0.00 (0x8aafd8…)
2026-04-12T04:48:31.965Z  [SIGNAL/EARLY_EXEC] SKIP conf=0.65 src=ml U=34.5% D=65.5% | ml: candidate confidence 65% below 74%
2026-04-12T04:48:39.209Z  [CLAIM] confirmed $0.00 (0x8aafd8…)
2026-04-12T04:48:40.078Z  [CLAIM] scan scheduled candidates=1 claimable=$42.54 pending=$50.00 mode=enabled status=address:ok,funder:ok
2026-04-12T04:49:05.227Z  [SIGNAL/LATE_EXEC] SKIP conf=0.72 src=ml U=27.9% D=72.1% | ml: edge -5.1% below 5%
2026-04-12T04:49:23.179Z  [SETTLE_POLL] No Chainlink settlement yet for 0x8aafd8 (263s post-expiry) — will retry
2026-04-12T04:49:37.625Z  [SIGNAL/LATE_EXEC] SKIP conf=0.78 src=ml U=22.3% D=77.7% | ml: candidate confidence 78% below 78%
2026-04-12T04:49:47.722Z  [SIGNAL/LATE_EXEC] SKIP conf=0.72 src=ml U=27.9% D=72.1% | ml: candidate confidence 72% below 78%
2026-04-12T04:49:53.803Z  [SIGNAL/TOO_LATE] BUY_DOWN conf=0.72 src=ml U=27.9% D=72.1% | ml: BUY_DOWN prob=72% edge=+44.3%
2026-04-12T04:49:53.804Z  [SHADOW] BUY_DOWN conf=72% — blocked by GATE_TOO_LATE
2026-04-12T04:49:57.840Z  [SIGNAL/TOO_LATE] SKIP conf=0.68 src=ml U=31.7% D=68.3% | ml: candidate confidence 68% below 70%
2026-04-12T04:50:04.512Z  [MKT] Window: Bitcoin Up or Down - April 12, 12:50AM-12:55AM ET | beat=$71,593.09 | ends 04:55:00 UTC
2026-04-12T04:50:04.904Z  [SIGNAL/OBSERVE] SKIP conf=0.72 src=ml U=27.9% D=72.1% | ml: edge -27.1% below 5%
2026-04-12T04:50:09.980Z  [MKTWS] Market WebSocket connected
2026-04-12T04:50:23.693Z  [RESULT] DOWN LOST PnL=-2.50 actual=UP
2026-04-12T04:50:24.922Z  [PRED/LIVE] DOWN MISS | actual=UP gate=— window=04:45
2026-04-12T04:50:24.922Z  [PRED/LIVE] DOWN MISS | actual=UP gate=— window=04:45
2026-04-12T04:50:24.923Z  [PRED/LIVE] DOWN MISS | actual=UP gate=— window=04:45
2026-04-12T04:50:24.923Z  [PRED/LIVE] DOWN MISS | actual=UP gate=— window=04:45
2026-04-12T04:50:24.923Z  [PRED/LIVE] DOWN MISS | actual=UP gate=— window=04:45
2026-04-12T04:50:24.923Z  [PRED/LIVE] DOWN MISS | actual=UP gate=— window=04:45
2026-04-12T04:50:24.924Z  [PRED/LIVE] DOWN MISS | actual=UP gate=GATE_TOO_LATE window=04:45
2026-04-12T04:51:47.776Z  [SIGNAL/OBSERVE] SKIP conf=0.61 src=ml U=39.2% D=60.8% | ml: candidate confidence 61% below 70%
2026-04-12T05:47:34.025Z  [BOT] Starting up…
2026-04-12T05:47:34.025Z  [BUDGET] Replayed 4 daily cashflow event(s) spent=$5.15 returned=$0.00 left=$1.85
2026-04-12T05:47:34.341Z  [HISTORY] Warmed 50 settled outcomes for calibration/context
2026-04-12T05:47:34.342Z  [HISTORY] Warmed 20 settled bets for UI history
2026-04-12T05:47:34.681Z  [PAPER] Warmed 2890 resolved paper analytics entries
2026-04-12T05:47:34.681Z  [PAPER] Restored 15380 pending paper prediction(s)
2026-04-12T05:47:34.684Z  [CLAIM] Warmed 52 claim record(s)
2026-04-12T05:47:34.690Z  [ML] Activated model 20260411T120821Z-s20 source=ml state=active thresholds=rtp_v1
2026-04-12T05:47:36.321Z  [CONTINUITY] mode=live model=20260411T120821Z-s20 state=active thresholds=rtp_v1
2026-04-12T05:47:36.321Z  [CONTINUITY] recent24 buy=100% exec=50% fail=12% reserve=25% | recent100 buy=100% exec=35% fail=14%
2026-04-12T05:47:36.352Z  [ML] Starting background bootstrap
2026-04-12T05:47:36.507Z  [MKT] Window: Bitcoin Up or Down - April 12, 1:45AM-1:50AM ET | beat=$0.00 | ends 05:50:00 UTC
2026-04-12T05:47:36.594Z  [HL] Hyperliquid WebSocket connected
2026-04-12T05:47:36.857Z  [BTC] Binance WebSocket connected
2026-04-12T05:47:37.123Z  [CLAIM] scan startup candidates=0 claimable=$42.54 pending=$50.00 mode=enabled status=address:ok,funder:ok
2026-04-12T05:47:38.817Z  [MKTWS] Market WebSocket connected
2026-04-12T05:47:41.317Z  [ML] Backfilled 52 pending label(s) from feature logs
2026-04-12T05:47:41.987Z  [MKT] Beat price set retroactively: $71,703.70
2026-04-12T05:47:48.053Z  [ML] Bootstrap trained 20260412T054747Z-s20 state=shadow ap=0.746 cv_ap=0.762 ev=+0.58
2026-04-12T05:47:48.062Z  [SIGNAL/OBSERVE] BUY_DOWN conf=0.70 src=ml U=29.9% D=70.1% | ml: BUY_DOWN prob=70% edge=+40.3%
2026-04-12T05:48:00.155Z  [SIGNAL/RESERVE] SKIP conf=0.65 src=ml U=34.5% D=65.5% | ml: candidate confidence 65% below 74%
2026-04-12T05:48:24.293Z  [SIGNAL/RESERVE] SKIP conf=0.55 src=ml U=54.9% D=45.1% | ml: candidate confidence 55% below 74%
2026-04-12T05:48:27.318Z  [SIGNAL/RESERVE] SKIP conf=0.61 src=ml U=39.2% D=60.8% | ml: candidate confidence 61% below 74%
2026-04-12T05:48:35.370Z  [SIGNAL/EARLY_EXEC] SKIP conf=0.55 src=ml U=55.5% D=44.5% | ml: candidate confidence 55% below 74%
2026-04-12T05:48:54.793Z  [SIGNAL/EARLY_EXEC] SKIP conf=0.51 src=ml U=49.4% D=50.6% | ml: probability spread 1.2% too small
2026-04-12T05:49:02.848Z  [SIGNAL/LATE_EXEC] SKIP conf=0.68 src=ml U=67.7% D=32.3% | ml: candidate confidence 68% below 78%
2026-04-12T05:49:16.948Z  [SIGNAL/LATE_EXEC] BUY_UP conf=0.81 src=ml U=80.6% D=19.4% | ml: BUY_UP prob=81% edge=+61.1%
2026-04-12T05:49:16.948Z  [SHADOW] BUY_UP conf=81% — blocked by GATE_BANDAR_PUSH
2026-04-12T05:49:31.075Z  [SHADOW] BUY_UP conf=83% — blocked by GATE_BANDAR_PUSH
2026-04-12T05:49:33.091Z  [SIGNAL/LATE_EXEC] SKIP conf=0.90 src=ml U=89.5% D=10.5% | ml: edge -9.6% below 5%
2026-04-12T05:49:37.123Z  [SIGNAL/LATE_EXEC] SKIP conf=0.99 src=ml U=99.0% D=1.0% | ml: edge +0.0% below 5%
2026-04-12T05:49:53.221Z  [SIGNAL/TOO_LATE] BUY_UP conf=0.90 src=ml U=89.5% D=10.5% | ml: BUY_UP prob=90% edge=+79.0%
2026-04-12T05:49:53.221Z  [SHADOW] BUY_UP conf=90% — blocked by GATE_TOO_LATE
2026-04-12T05:50:02.375Z  [MKT] Window: Bitcoin Up or Down - April 12, 1:50AM-1:55AM ET | beat=$71,779.51 | ends 05:55:00 UTC
2026-04-12T05:50:03.014Z  [MKTWS] Market WebSocket connected
2026-04-12T05:50:07.338Z  [SIGNAL/OBSERVE] BUY_DOWN conf=0.78 src=ml U=22.3% D=77.7% | ml: BUY_DOWN prob=78% edge=+55.4%
2026-04-12T05:50:12.363Z  [SIGNAL/OBSERVE] BUY_DOWN conf=0.72 src=ml U=27.9% D=72.1% | ml: BUY_DOWN prob=72% edge=+44.3%
2026-04-12T05:50:17.396Z  [SIGNAL/OBSERVE] SKIP conf=0.61 src=ml U=39.2% D=60.8% | ml: candidate confidence 61% below 70%
2026-04-12T05:50:22.430Z  [SIGNAL/OBSERVE] SKIP conf=0.70 src=ml U=30.4% D=69.6% | ml: candidate confidence 70% below 70%
2026-04-12T05:50:32.521Z  [SIGNAL/OBSERVE] BUY_DOWN conf=0.78 src=ml U=22.3% D=77.7% | ml: BUY_DOWN prob=78% edge=+19.5%
2026-04-12T05:50:37.285Z  [PRED/LIVE] DOWN MISS | actual=UP gate=— window=05:45
2026-04-12T05:50:37.285Z  [PRED/LIVE] UP HIT | actual=UP gate=GATE_BANDAR_PUSH window=05:45
2026-04-12T05:50:37.285Z  [PRED/LIVE] UP HIT | actual=UP gate=GATE_BANDAR_PUSH window=05:45
2026-04-12T05:50:37.285Z  [PRED/LIVE] UP HIT | actual=UP gate=GATE_TOO_LATE window=05:45
2026-04-12T05:50:37.558Z  [SIGNAL/OBSERVE] BUY_DOWN conf=0.72 src=ml U=27.9% D=72.1% | ml: BUY_DOWN prob=72% edge=+44.3%
2026-04-12T05:50:47.645Z  [SIGNAL/OBSERVE] BUY_DOWN conf=0.83 src=ml U=16.5% D=83.5% | ml: BUY_DOWN prob=83% edge=+66.9%
2026-04-12T05:51:07.855Z  [SIGNAL/OBSERVE] BUY_DOWN conf=0.72 src=ml U=27.9% D=72.1% | ml: BUY_DOWN prob=72% edge=+33.6%
2026-04-12T05:51:17.958Z  [SIGNAL/OBSERVE] SKIP conf=0.68 src=ml U=31.7% D=68.3% | ml: candidate confidence 68% below 70%
2026-04-12T05:51:38.135Z  [SIGNAL/OBSERVE] SKIP conf=0.51 src=ml U=49.4% D=50.6% | ml: probability spread 1.2% too small
2026-04-12T05:51:43.177Z  [SIGNAL/OBSERVE] SKIP conf=0.60 src=ml U=39.6% D=60.4% | ml: candidate confidence 60% below 70%
2026-04-12T05:52:12.476Z  [SIGNAL/OBSERVE] SKIP conf=0.57 src=ml U=56.8% D=43.2% | ml: edge -25.2% below 5%
2026-04-12T05:52:38.829Z  [CLAIM] scan scheduled candidates=0 claimable=$42.54 pending=$50.00 mode=enabled status=address:ok,funder:ok
2026-04-12T05:52:59.891Z  [SIGNAL/OBSERVE] SKIP conf=0.65 src=ml U=35.3% D=64.7% | ml: candidate confidence 65% below 70%
2026-04-12T05:53:02.924Z  [SIGNAL/RESERVE] SKIP conf=0.53 src=ml U=47.1% D=52.9% | ml: candidate confidence 53% below 74%
2026-04-12T05:53:08.035Z  [SIGNAL/RESERVE] SKIP conf=0.72 src=ml U=27.9% D=72.1% | ml: candidate confidence 72% below 74%
2026-04-12T05:53:23.182Z  [SIGNAL/RESERVE] SKIP conf=0.65 src=ml U=34.5% D=65.5% | ml: candidate confidence 65% below 74%
2026-04-12T05:53:33.299Z  [SIGNAL/EARLY_EXEC] SKIP conf=0.72 src=ml U=27.9% D=72.1% | ml: candidate confidence 72% below 74%
2026-04-12T05:53:43.421Z  [SIGNAL/EARLY_EXEC] BUY_DOWN conf=0.78 src=ml U=22.3% D=77.7% | ml: BUY_DOWN prob=78% edge=+38.7%
2026-04-12T05:53:43.422Z  [EXECUTE] 223s | BTC 0.05% → DOWN @ 0.560 | align=3 CVD=BULLISH | placing live order…
2026-04-12T05:53:43.613Z  [KELLY/MIN_ORDER] $1.00 -> $2.80 (5.00 shares @ 0.56)
2026-04-12T05:53:43.613Z  [TRADE] Held — daily budget left $1.85 below target bet $2.80
2026-04-12T05:53:48.627Z  [SIGNAL/EARLY_EXEC] SKIP conf=0.72 src=ml U=27.9% D=72.1% | ml: candidate confidence 72% below 74%
2026-04-12T05:53:53.637Z  [SIGNAL/EARLY_EXEC] BUY_DOWN conf=0.83 src=ml U=16.5% D=83.5% | ml: BUY_DOWN prob=83% edge=+66.9%
2026-04-12T05:54:03.694Z  [SIGNAL/LATE_EXEC] SKIP conf=0.72 src=ml U=27.9% D=72.1% | ml: candidate confidence 72% below 78%
2026-04-12T05:54:10.710Z  [SIGNAL/LATE_EXEC] BUY_DOWN conf=0.87 src=ml U=13.2% D=86.8% | ml: BUY_DOWN prob=87% edge=+9.9%
2026-04-12T05:54:14.717Z  [SHADOW] BUY_DOWN conf=87% — blocked by GATE_BANDAR_PUSH
2026-04-12T05:54:18.746Z  [SHADOW] BUY_DOWN conf=87% — blocked by GATE_BANDAR_PUSH
2026-04-12T05:54:24.801Z  [SHADOW] BUY_DOWN conf=87% — blocked by GATE_BANDAR_PUSH
2026-04-12T05:54:28.842Z  [SIGNAL/LATE_EXEC] BUY_DOWN conf=0.92 src=ml U=7.9% D=92.1% | ml: BUY_DOWN prob=92% edge=+84.2%
2026-04-12T05:54:28.843Z  [SHADOW] BUY_DOWN conf=92% — blocked by GATE_BANDAR_PUSH
2026-04-12T05:54:39.002Z  [SIGNAL/LATE_EXEC] SKIP conf=0.87 src=ml U=13.2% D=86.8% | ml: edge -8.6% below 5%
2026-04-12T05:54:44.151Z  [SIGNAL/LATE_EXEC] SKIP conf=0.93 src=ml U=6.9% D=93.1% | ml: edge -6.0% below 5%
2026-04-12T05:54:49.222Z  [SIGNAL/TOO_LATE] SKIP conf=0.96 src=ml U=4.1% D=95.9% | ml: edge -3.1% below 5%
2026-04-12T05:55:02.346Z  [MKT] Window: Bitcoin Up or Down - April 12, 1:55AM-2:00AM ET | beat=$71,739.68 | ends 06:00:00 UTC
2026-04-12T05:55:02.363Z  [SIGNAL/OBSERVE] SKIP conf=0.60 src=ml U=39.6% D=60.4% | ml: edge -38.9% below 5%
2026-04-12T05:55:03.100Z  [MKTWS] Market WebSocket connected
2026-04-12T05:55:25.000Z  [BOT] Starting up…
2026-04-12T05:55:25.000Z  [BUDGET] Replayed 4 daily cashflow event(s) spent=$5.15 returned=$0.00 left=$9.85
2026-04-12T05:55:25.351Z  [HISTORY] Warmed 50 settled outcomes for calibration/context
2026-04-12T05:55:25.352Z  [HISTORY] Warmed 20 settled bets for UI history
2026-04-12T05:55:25.711Z  [PAPER] Warmed 2894 resolved paper analytics entries
2026-04-12T05:55:25.711Z  [PAPER] Restored 15446 pending paper prediction(s)
2026-04-12T05:55:25.713Z  [CLAIM] Warmed 52 claim record(s)
2026-04-12T05:55:25.718Z  [ML] Activated model 20260411T120821Z-s20 source=ml state=active thresholds=rtp_v1
2026-04-12T05:55:27.318Z  [CONTINUITY] mode=live model=20260411T120821Z-s20 state=active thresholds=rtp_v1
2026-04-12T05:55:27.318Z  [CONTINUITY] recent24 buy=100% exec=46% fail=8% reserve=25% | recent100 buy=100% exec=35% fail=14%
2026-04-12T05:55:27.348Z  [ML] Starting background bootstrap
2026-04-12T05:55:27.467Z  [MKT] Window: Bitcoin Up or Down - April 12, 1:55AM-2:00AM ET | beat=$0.00 | ends 06:00:00 UTC
2026-04-12T05:55:27.659Z  [HL] Hyperliquid WebSocket connected
2026-04-12T05:55:27.756Z  [BTC] Binance WebSocket connected
2026-04-12T05:55:28.144Z  [CLAIM] scan startup candidates=0 claimable=$42.54 pending=$50.00 mode=enabled status=address:ok,funder:ok
2026-04-12T05:55:29.812Z  [MKTWS] Market WebSocket connected
2026-04-12T05:55:32.365Z  [ML] Backfilled 67 pending label(s) from feature logs
2026-04-12T05:55:33.011Z  [MKT] Beat price set retroactively: $71,747.11
2026-04-12T05:55:39.009Z  [ML] Bootstrap trained 20260412T055538Z-s20 state=shadow ap=0.747 cv_ap=0.765 ev=+0.59
2026-04-12T05:55:43.025Z  [SIGNAL/OBSERVE] SKIP conf=0.65 src=ml U=34.5% D=65.5% | ml: candidate confidence 65% below 70%
2026-04-12T05:56:27.670Z  [PRED/LIVE] DOWN HIT | actual=DOWN gate=— window=05:50
2026-04-12T05:56:27.671Z  [PRED/LIVE] DOWN HIT | actual=DOWN gate=— window=05:50
2026-04-12T05:56:27.671Z  [PRED/LIVE] DOWN HIT | actual=DOWN gate=— window=05:50
2026-04-12T05:56:27.671Z  [PRED/LIVE] DOWN HIT | actual=DOWN gate=— window=05:50
2026-04-12T05:56:27.672Z  [PRED/LIVE] DOWN HIT | actual=DOWN gate=— window=05:50
2026-04-12T05:56:27.672Z  [PRED/LIVE] DOWN HIT | actual=DOWN gate=— window=05:50
2026-04-12T05:56:27.672Z  [PRED/LIVE] DOWN HIT | actual=DOWN gate=— window=05:50
2026-04-12T05:56:27.672Z  [PRED/LIVE] DOWN HIT | actual=DOWN gate=— window=05:50
2026-04-12T05:56:27.672Z  [PRED/LIVE] DOWN HIT | actual=DOWN gate=— window=05:50
2026-04-12T05:56:27.672Z  [PRED/LIVE] DOWN HIT | actual=DOWN gate=— window=05:50
2026-04-12T05:56:27.672Z  [PRED/LIVE] DOWN HIT | actual=DOWN gate=— window=05:50
2026-04-12T05:56:27.672Z  [PRED/LIVE] DOWN HIT | actual=DOWN gate=— window=05:50
2026-04-12T05:56:27.673Z  [PRED/LIVE] DOWN HIT | actual=DOWN gate=— window=05:50
2026-04-12T05:56:27.673Z  [PRED/LIVE] DOWN HIT | actual=DOWN gate=— window=05:50
2026-04-12T05:56:27.673Z  [PRED/LIVE] DOWN HIT | actual=DOWN gate=GATE_BANDAR_PUSH window=05:50
2026-04-12T05:56:27.673Z  [PRED/LIVE] DOWN HIT | actual=DOWN gate=GATE_BANDAR_PUSH window=05:50
2026-04-12T05:56:27.673Z  [PRED/LIVE] DOWN HIT | actual=DOWN gate=GATE_BANDAR_PUSH window=05:50
2026-04-12T05:56:27.674Z  [PRED/LIVE] DOWN HIT | actual=DOWN gate=GATE_BANDAR_PUSH window=05:50
2026-04-12T05:56:29.957Z  [CLAIM] scan scheduled candidates=0 claimable=$42.54 pending=$50.00 mode=enabled status=address:ok,funder:ok
2026-04-12T05:57:31.604Z  [CLAIM] scan scheduled candidates=0 claimable=$42.54 pending=$50.00 mode=enabled status=address:ok,funder:ok
2026-04-12T05:57:47.942Z  [BOT] Starting up…
2026-04-12T05:57:47.942Z  [BUDGET] Replayed 4 daily cashflow event(s) spent=$5.15 returned=$0.00 left=$inf
2026-04-12T05:57:48.257Z  [HISTORY] Warmed 50 settled outcomes for calibration/context
2026-04-12T05:57:48.258Z  [HISTORY] Warmed 20 settled bets for UI history
2026-04-12T05:57:48.597Z  [PAPER] Warmed 2912 resolved paper analytics entries
2026-04-12T05:57:48.598Z  [PAPER] Restored 15430 pending paper prediction(s)
2026-04-12T05:57:48.601Z  [CLAIM] Warmed 52 claim record(s)
2026-04-12T05:57:48.606Z  [ML] Activated model 20260411T120821Z-s20 source=ml state=active thresholds=rtp_v1
2026-04-12T05:57:50.224Z  [CONTINUITY] mode=live model=20260411T120821Z-s20 state=active thresholds=rtp_v1
2026-04-12T05:57:50.224Z  [CONTINUITY] recent24 buy=100% exec=46% fail=12% reserve=25% | recent100 buy=100% exec=35% fail=15%
2026-04-12T05:57:50.255Z  [ML] Starting background bootstrap
2026-04-12T05:57:50.392Z  [MKT] Window: Bitcoin Up or Down - April 12, 1:55AM-2:00AM ET | beat=$0.00 | ends 06:00:00 UTC
2026-04-12T05:57:50.536Z  [HL] Hyperliquid WebSocket connected
2026-04-12T05:57:50.776Z  [BTC] Binance WebSocket connected
2026-04-12T05:57:51.032Z  [CLAIM] scan startup candidates=0 claimable=$42.54 pending=$50.00 mode=enabled status=address:ok,funder:ok
2026-04-12T05:57:52.985Z  [MKTWS] Market WebSocket connected
2026-04-12T05:57:55.823Z  [MKT] Beat price set retroactively: $71,764.27
2026-04-12T05:58:00.444Z  [SIGNAL/RESERVE] SKIP conf=0.72 src=ml U=27.9% D=72.1% | ml: candidate confidence 72% below 74%
2026-04-12T05:58:01.896Z  [ML] Bootstrap trained 20260412T055800Z-s20 state=shadow ap=0.747 cv_ap=0.765 ev=+0.59
2026-04-12T05:58:26.075Z  [SIGNAL/RESERVE] SKIP conf=0.65 src=ml U=35.3% D=64.7% | ml: candidate confidence 65% below 74%
2026-04-12T05:58:41.190Z  [SIGNAL/EARLY_EXEC] SKIP conf=0.61 src=ml U=39.2% D=60.8% | ml: candidate confidence 61% below 74%
2026-04-12T05:58:52.830Z  [CLAIM] scan scheduled candidates=0 claimable=$42.54 pending=$50.00 mode=enabled status=address:ok,funder:ok
2026-04-12T05:59:00.768Z  [SIGNAL/LATE_EXEC] SKIP conf=0.60 src=ml U=39.6% D=60.4% | ml: candidate confidence 60% below 78%
2026-04-12T05:59:10.817Z  [SIGNAL/LATE_EXEC] SKIP conf=0.65 src=ml U=35.3% D=64.7% | ml: candidate confidence 65% below 78%
2026-04-12T05:59:21.903Z  [SIGNAL/LATE_EXEC] BUY_DOWN conf=0.83 src=ml U=16.5% D=83.5% | ml: BUY_DOWN prob=83% edge=+39.1%
2026-04-12T05:59:21.904Z  [SHADOW] BUY_DOWN conf=83% — blocked by GATE_BANDAR_PUSH
2026-04-12T05:59:25.928Z  [EXECUTE] 265s | BTC 0.06% → DOWN @ 0.600 | align=1 CVD=NONE | placing live order…
2026-04-12T05:59:26.121Z  [KELLY/MIN_ORDER] $1.00 -> $3.00 (5.00 shares @ 0.60)
2026-04-12T05:59:26.121Z  [KELLY/GOLD] bankroll=$9.44 conf=0.83 implied=0.600 → bet=$3.00
2026-04-12T05:59:27.075Z  [LIVE/GOLD] BET DOWN $3.00 @ 0.600 align=1 CVD=NONE | order=0x0cdf8cfbc02c92c8d4c4ee4874040344076d79152a2f40d26cce0d78854859fc
2026-04-12T05:59:36.097Z  [SIGNAL/LATE_EXEC] SKIP conf=0.78 src=ml U=22.3% D=77.7% | ml: candidate confidence 78% below 78%
2026-04-12T05:59:54.451Z  [CLAIM] scan scheduled candidates=0 claimable=$42.54 pending=$50.00 mode=enabled status=address:ok,funder:ok
2026-04-12T06:00:00.715Z  [MKT] Window: Bitcoin Up or Down - April 12, 2:00AM-2:05AM ET | beat=$71,732.50 | ends 06:05:00 UTC
2026-04-12T06:00:01.440Z  [SIGNAL/OBSERVE] SKIP conf=0.60 src=ml U=39.6% D=60.4% | ml: candidate confidence 60% below 70%
2026-04-12T06:00:06.002Z  [MKTWS] Market WebSocket connected
2026-04-12T06:00:06.506Z  [SIGNAL/OBSERVE] SKIP conf=0.65 src=ml U=35.3% D=64.7% | ml: candidate confidence 65% below 70%
2026-04-12T06:00:41.801Z  [SIGNAL/OBSERVE] BUY_DOWN conf=0.70 src=ml U=29.9% D=70.1% | ml: BUY_DOWN prob=70% edge=+40.3%
2026-04-12T06:00:51.285Z  [SETTLE_POLL] No Chainlink settlement yet for 0x494256 (51s post-expiry) — will retry
2026-04-12T06:00:51.574Z  [PRED/LIVE] DOWN HIT | actual=DOWN gate=GATE_BANDAR_PUSH window=05:55
2026-04-12T06:00:51.574Z  [PRED/LIVE] DOWN HIT | actual=DOWN gate=— window=05:55
2026-04-12T06:00:51.574Z  [PRED/LIVE] DOWN HIT | actual=DOWN gate=— window=05:55
2026-04-12T06:00:51.861Z  [SIGNAL/OBSERVE] SKIP conf=0.61 src=ml U=39.2% D=60.8% | ml: candidate confidence 61% below 70%
2026-04-12T06:00:56.177Z  [CLAIM] scan scheduled candidates=0 claimable=$42.54 pending=$50.00 mode=enabled status=address:ok,funder:ok
2026-04-12T06:00:57.057Z  [SIGNAL/OBSERVE] SKIP conf=0.51 src=ml U=49.4% D=50.6% | ml: probability spread 1.2% too small
2026-04-12T06:01:21.279Z  [SIGNAL/OBSERVE] SKIP conf=0.53 src=ml U=47.1% D=52.9% | ml: candidate confidence 53% below 70%
2026-04-12T06:01:51.986Z  [SETTLE_POLL] No Chainlink settlement yet for 0x494256 (112s post-expiry) — will retry
2026-04-12T06:01:57.927Z  [CLAIM] scan scheduled candidates=0 claimable=$42.54 pending=$50.00 mode=enabled status=address:ok,funder:ok
2026-04-12T06:02:11.922Z  [SIGNAL/OBSERVE] SKIP conf=0.65 src=ml U=34.5% D=65.5% | ml: candidate confidence 65% below 70%
2026-04-12T06:02:26.036Z  [SIGNAL/OBSERVE] BUY_DOWN conf=0.72 src=ml U=27.9% D=72.1% | ml: BUY_DOWN prob=72% edge=+44.3%
2026-04-12T06:02:36.173Z  [SIGNAL/OBSERVE] SKIP conf=0.68 src=ml U=31.7% D=68.3% | ml: candidate confidence 68% below 70%
2026-04-12T06:02:41.219Z  [SIGNAL/OBSERVE] SKIP conf=0.61 src=ml U=39.2% D=60.8% | ml: candidate confidence 61% below 70%
2026-04-12T06:02:46.251Z  [SIGNAL/OBSERVE] SKIP conf=0.51 src=ml U=49.4% D=50.6% | ml: probability spread 1.2% too small
2026-04-12T06:02:52.724Z  [SETTLE_POLL] No Chainlink settlement yet for 0x494256 (172s post-expiry) — will retry
2026-04-12T06:02:59.574Z  [CLAIM] queued $0.00 (0x494256…)
2026-04-12T06:03:00.586Z  [CLAIM] submitted $0.00 (0x494256…)
2026-04-12T06:03:02.494Z  [SIGNAL/RESERVE] SKIP conf=0.55 src=ml U=44.6% D=55.4% | ml: candidate confidence 55% below 74%
2026-04-12T06:03:06.532Z  [SIGNAL/RESERVE] SKIP conf=0.61 src=ml U=39.2% D=60.8% | ml: candidate confidence 61% below 74%
2026-04-12T06:03:09.068Z  [CLAIM] confirmed $0.00 (0x494256…)
2026-04-12T06:03:09.959Z  [CLAIM] scan scheduled candidates=1 claimable=$42.54 pending=$50.00 mode=enabled status=address:ok,funder:ok
2026-04-12T06:03:32.041Z  [SIGNAL/EARLY_EXEC] SKIP conf=0.65 src=ml U=35.3% D=64.7% | ml: candidate confidence 65% below 74%
2026-04-12T06:03:42.127Z  [SIGNAL/EARLY_EXEC] SKIP conf=0.53 src=ml U=47.1% D=52.9% | ml: candidate confidence 53% below 74%
2026-04-12T06:03:47.170Z  [SIGNAL/EARLY_EXEC] SKIP conf=0.61 src=ml U=39.2% D=60.8% | ml: candidate confidence 61% below 74%
2026-04-12T06:03:53.471Z  [SETTLE_POLL] No Chainlink settlement yet for 0x494256 (233s post-expiry) — will retry
2026-04-12T06:03:57.284Z  [SIGNAL/EARLY_EXEC] BUY_DOWN conf=0.78 src=ml U=22.3% D=77.7% | ml: BUY_DOWN prob=78% edge=+21.4%
2026-04-12T06:03:57.285Z  [EXECUTE] 237s | BTC 0.05% → DOWN @ 0.640 | align=3 CVD=NONE | placing live order…
2026-04-12T06:03:57.478Z  [KELLY/MIN_ORDER] $1.00 -> $3.20 (5.00 shares @ 0.64)
2026-04-12T06:03:57.478Z  [KELLY/GOLD] bankroll=$6.44 conf=0.78 implied=0.640 → bet=$3.20
2026-04-12T06:03:58.430Z  [LIVE/GOLD] BET DOWN $3.20 @ 0.640 align=3 CVD=NONE | order=0x66e4ab4e02a6898ac7b12517a64f72a9a44cb24209e7f41df58fe0211217b17c
2026-04-12T06:04:02.436Z  [SIGNAL/LATE_EXEC] SKIP conf=0.65 src=ml U=34.5% D=65.5% | ml: candidate confidence 65% below 78%
2026-04-12T06:04:07.449Z  [SIGNAL/LATE_EXEC] SKIP conf=0.72 src=ml U=27.9% D=72.1% | ml: candidate confidence 72% below 78%
2026-04-12T06:04:11.635Z  [CLAIM] scan scheduled candidates=0 claimable=$42.54 pending=$50.00 mode=enabled status=address:ok,funder:ok
2026-04-12T06:04:54.194Z  [SETTLE_POLL] No Chainlink settlement yet for 0x494256 (294s post-expiry) — will retry
2026-04-12T06:04:57.962Z  [SIGNAL/TOO_LATE] SKIP conf=0.68 src=ml U=31.7% D=68.3% | ml: candidate confidence 68% below 70%
2026-04-12T06:05:00.821Z  [MKT] Window: Bitcoin Up or Down - April 12, 2:05AM-2:10AM ET | beat=$71,746.62 | ends 06:10:00 UTC
2026-04-12T06:05:00.988Z  [SIGNAL/OBSERVE] SKIP conf=0.65 src=ml U=34.5% D=65.5% | ml: candidate confidence 65% below 70%
2026-04-12T06:05:06.315Z  [MKTWS] Market WebSocket connected
2026-04-12T06:05:13.232Z  [CLAIM] scan scheduled candidates=0 claimable=$42.54 pending=$50.00 mode=enabled status=address:ok,funder:ok
2026-04-12T06:05:54.867Z  [SETTLE_POLL] No Chainlink settlement yet for 0x0b4b2c (54s post-expiry) — will retry
2026-04-12T06:05:55.064Z  [RESULT] DOWN WON PnL=+1.90 actual=DOWN
2026-04-12T06:05:56.228Z  [PRED/LIVE] DOWN MISS | actual=UP gate=— window=06:00
2026-04-12T06:05:56.228Z  [PRED/LIVE] DOWN MISS | actual=UP gate=— window=06:00
2026-04-12T06:05:56.228Z  [PRED/LIVE] DOWN MISS | actual=UP gate=— window=06:00
2026-04-12T06:06:14.866Z  [CLAIM] scan scheduled candidates=0 claimable=$42.54 pending=$50.00 mode=enabled status=address:ok,funder:ok
2026-04-12T06:06:47.102Z  [SIGNAL/OBSERVE] SKIP conf=0.53 src=ml U=47.1% D=52.9% | ml: candidate confidence 53% below 70%
2026-04-12T06:06:52.145Z  [SIGNAL/OBSERVE] SKIP conf=0.60 src=ml U=39.6% D=60.4% | ml: candidate confidence 60% below 70%
2026-04-12T06:06:56.574Z  [SETTLE_POLL] No Chainlink settlement yet for 0x0b4b2c (116s post-expiry) — will retry
2026-04-12T06:06:57.184Z  [SIGNAL/OBSERVE] SKIP conf=0.65 src=ml U=35.3% D=64.7% | ml: candidate confidence 65% below 70%
2026-04-12T06:07:12.320Z  [SIGNAL/OBSERVE] SKIP conf=0.65 src=ml U=34.5% D=65.5% | ml: candidate confidence 65% below 70%
2026-04-12T06:07:16.529Z  [CLAIM] scan scheduled candidates=0 claimable=$42.54 pending=$50.00 mode=enabled status=address:ok,funder:ok
2026-04-12T06:07:57.536Z  [SETTLE_POLL] No Chainlink settlement yet for 0x0b4b2c (177s post-expiry) — will retry
2026-04-12T06:08:03.094Z  [SIGNAL/RESERVE] SKIP conf=0.68 src=ml U=31.7% D=68.3% | ml: edge -11.3% below 4%
2026-04-12T06:08:18.318Z  [CLAIM] queued $0.00 (0x0b4b2c…)
2026-04-12T06:08:19.210Z  [CLAIM] submitted $0.00 (0x0b4b2c…)
2026-04-12T06:08:26.755Z  [CLAIM] confirmed $0.00 (0x0b4b2c…)
2026-04-12T06:08:27.745Z  [CLAIM] scan scheduled candidates=1 claimable=$42.54 pending=$50.00 mode=enabled status=address:ok,funder:ok
2026-04-12T06:08:33.728Z  [SIGNAL/EARLY_EXEC] SKIP conf=0.70 src=ml U=29.9% D=70.1% | ml: candidate confidence 70% below 74%
2026-04-12T06:08:58.211Z  [SETTLE_POLL] No Chainlink settlement yet for 0x0b4b2c (238s post-expiry) — will retry
2026-04-12T06:09:04.042Z  [SIGNAL/LATE_EXEC] SKIP conf=0.61 src=ml U=39.2% D=60.8% | ml: candidate confidence 61% below 78%
2026-04-12T06:09:09.092Z  [SIGNAL/LATE_EXEC] SKIP conf=0.53 src=ml U=47.1% D=52.9% | ml: candidate confidence 53% below 78%
2026-04-12T06:09:19.187Z  [SIGNAL/LATE_EXEC] SKIP conf=0.61 src=ml U=39.2% D=60.8% | ml: candidate confidence 61% below 78%
2026-04-12T06:09:29.279Z  [SIGNAL/LATE_EXEC] SKIP conf=0.55 src=ml U=44.6% D=55.4% | ml: candidate confidence 55% below 78%
2026-04-12T06:09:29.734Z  [CLAIM] scan scheduled candidates=0 claimable=$42.54 pending=$50.00 mode=enabled status=address:ok,funder:ok
2026-04-12T06:09:44.834Z  [SIGNAL/LATE_EXEC] SKIP conf=0.61 src=ml U=39.2% D=60.8% | ml: edge -24.0% below 5%
2026-04-12T06:09:55.972Z  [SIGNAL/TOO_LATE] SKIP conf=0.65 src=ml U=34.5% D=65.5% | ml: candidate confidence 65% below 70%
2026-04-12T06:09:58.886Z  [SETTLE_POLL] No Chainlink settlement yet for 0x0b4b2c (299s post-expiry) — will retry
2026-04-12T06:10:05.206Z  [MKT] Window: Bitcoin Up or Down - April 12, 2:10AM-2:15AM ET | beat=$71,741.28 | ends 06:15:00 UTC
2026-04-12T06:10:05.316Z  [SIGNAL/OBSERVE] SKIP conf=0.72 src=ml U=27.9% D=72.1% | ml: edge -27.1% below 5%
2026-04-12T06:10:06.042Z  [MKTWS] Market WebSocket connected
2026-04-12T06:10:29.596Z  [SIGNAL/OBSERVE] BUY_DOWN conf=0.72 src=ml U=27.9% D=72.1% | ml: BUY_DOWN prob=72% edge=+38.7%
2026-04-12T06:10:31.437Z  [CLAIM] scan scheduled candidates=0 claimable=$42.54 pending=$50.00 mode=enabled status=address:ok,funder:ok
2026-04-12T06:10:39.498Z  [SIGNAL/OBSERVE] SKIP conf=0.68 src=ml U=31.7% D=68.3% | ml: candidate confidence 68% below 70%
2026-04-12T06:10:44.526Z  [SIGNAL/OBSERVE] SKIP conf=0.60 src=ml U=39.6% D=60.4% | ml: candidate confidence 60% below 70%
2026-04-12T06:10:59.483Z  [RESULT] DOWN LOST PnL=-3.20 actual=UP
2026-04-12T06:11:08.941Z  [SIGNAL/OBSERVE] SKIP conf=0.53 src=ml U=47.1% D=52.9% | ml: candidate confidence 53% below 70%
2026-04-12T06:11:13.997Z  [SIGNAL/OBSERVE] SKIP conf=0.65 src=ml U=35.3% D=64.7% | ml: candidate confidence 65% below 70%
2026-04-12T06:11:33.172Z  [CLAIM] scan scheduled candidates=0 claimable=$42.54 pending=$50.00 mode=enabled status=address:ok,funder:ok
2026-04-12T06:11:39.181Z  [SIGNAL/OBSERVE] BUY_DOWN conf=0.72 src=ml U=27.9% D=72.1% | ml: BUY_DOWN prob=72% edge=+44.3%
2026-04-12T06:11:54.401Z  [SIGNAL/OBSERVE] SKIP conf=0.57 src=ml U=56.8% D=43.2% | ml: edge -18.8% below 5%
2026-04-12T06:12:11.628Z  [SIGNAL/OBSERVE] SKIP conf=0.70 src=ml U=69.9% D=30.1% | ml: edge +2.8% below 5%
2026-04-12T06:12:14.642Z  [SIGNAL/OBSERVE] SKIP conf=0.57 src=ml U=56.8% D=43.2% | ml: candidate confidence 57% below 70%
2026-04-12T06:12:34.857Z  [CLAIM] scan scheduled candidates=0 claimable=$42.54 pending=$50.00 mode=enabled status=address:ok,funder:ok
2026-04-12T06:13:08.517Z  [SIGNAL/RESERVE] SKIP conf=0.59 src=ml U=58.9% D=41.1% | ml: candidate confidence 59% below 74%
2026-04-12T06:13:29.738Z  [SIGNAL/RESERVE] SKIP conf=0.65 src=ml U=35.3% D=64.7% | ml: candidate confidence 65% below 74%
2026-04-12T06:13:34.780Z  [SIGNAL/EARLY_EXEC] SKIP conf=0.55 src=ml U=55.5% D=44.5% | ml: edge -25.0% below 3%
2026-04-12T06:13:36.576Z  [CLAIM] scan scheduled candidates=0 claimable=$42.54 pending=$50.00 mode=enabled status=address:ok,funder:ok
2026-04-12T06:14:25.187Z  [SIGNAL/LATE_EXEC] SKIP conf=0.81 src=ml U=80.6% D=19.4% | ml: edge -18.6% below 5%
2026-04-12T06:14:38.345Z  [CLAIM] scan scheduled candidates=0 claimable=$42.54 pending=$50.00 mode=enabled status=address:ok,funder:ok
2026-04-12T06:14:54.564Z  [SIGNAL/TOO_LATE] SKIP conf=0.86 src=ml U=85.7% D=14.3% | ml: edge -13.9% below 5%
2026-04-12T06:15:02.025Z  [PRED/LIVE] DOWN MISS | actual=UP gate=— window=06:10
2026-04-12T06:15:02.025Z  [PRED/LIVE] DOWN MISS | actual=UP gate=— window=06:10
2026-04-12T06:15:02.025Z  [PRED/LIVE] DOWN MISS | actual=UP gate=— window=06:10
2026-04-12T06:15:04.889Z  [MKT] Window: Bitcoin Up or Down - April 12, 2:15AM-2:20AM ET | beat=$71,776.18 | ends 06:20:00 UTC
2026-04-12T06:15:05.711Z  [SIGNAL/OBSERVE] SKIP conf=0.61 src=ml U=39.2% D=60.8% | ml: edge +0.6% below 5%
2026-04-12T06:15:05.719Z  [MKTWS] Market WebSocket connected
2026-04-12T06:15:09.742Z  [SIGNAL/OBSERVE] SKIP conf=0.51 src=ml U=49.4% D=50.6% | ml: probability spread 1.2% too small
2026-04-12T06:15:24.872Z  [SIGNAL/OBSERVE] SKIP conf=0.65 src=ml U=35.3% D=64.7% | ml: candidate confidence 65% below 70%
2026-04-12T06:15:34.967Z  [SIGNAL/OBSERVE] SKIP conf=0.51 src=ml U=49.4% D=50.6% | ml: probability spread 1.2% too small
2026-04-12T06:15:40.190Z  [CLAIM] scan scheduled candidates=0 claimable=$42.54 pending=$50.00 mode=enabled status=address:ok,funder:ok
2026-04-12T06:16:04.603Z  [SIGNAL/OBSERVE] SKIP conf=0.61 src=ml U=39.2% D=60.8% | ml: edge -0.3% below 5%
2026-04-12T06:16:14.719Z  [SIGNAL/OBSERVE] BUY_DOWN conf=0.72 src=ml U=27.9% D=72.1% | ml: BUY_DOWN prob=72% edge=+44.3%
2026-04-12T06:16:26.840Z  [SIGNAL/OBSERVE] SKIP conf=0.72 src=ml U=27.9% D=72.1% | ml: edge +3.0% below 5%
2026-04-12T06:16:41.973Z  [CLAIM] scan scheduled candidates=0 claimable=$42.54 pending=$50.00 mode=enabled status=address:ok,funder:ok
2026-04-12T06:16:52.219Z  [SIGNAL/OBSERVE] BUY_DOWN conf=0.72 src=ml U=27.9% D=72.1% | ml: BUY_DOWN prob=72% edge=+44.3%
2026-04-12T06:16:57.270Z  [SIGNAL/OBSERVE] BUY_DOWN conf=0.78 src=ml U=22.3% D=77.7% | ml: BUY_DOWN prob=78% edge=+55.4%
2026-04-12T06:17:02.323Z  [SIGNAL/OBSERVE] BUY_DOWN conf=0.72 src=ml U=27.9% D=72.1% | ml: BUY_DOWN prob=72% edge=+44.3%
2026-04-12T06:17:05.341Z  [SIGNAL/OBSERVE] BUY_DOWN conf=0.78 src=ml U=22.3% D=77.7% | ml: BUY_DOWN prob=78% edge=+55.4%
2026-04-12T06:17:18.471Z  [SIGNAL/OBSERVE] SKIP conf=0.87 src=ml U=13.2% D=86.8% | ml: edge +4.6% below 5%
2026-04-12T06:17:21.488Z  [SIGNAL/OBSERVE] BUY_DOWN conf=0.83 src=ml U=16.5% D=83.5% | ml: BUY_DOWN prob=83% edge=+66.9%
2026-04-12T06:17:36.599Z  [SIGNAL/OBSERVE] SKIP conf=0.72 src=ml U=27.9% D=72.1% | ml: edge -8.7% below 5%
2026-04-12T06:17:40.627Z  [SIGNAL/OBSERVE] SKIP conf=0.78 src=ml U=22.3% D=77.7% | ml: edge -7.5% below 5%
2026-04-12T06:17:43.812Z  [CLAIM] scan scheduled candidates=0 claimable=$42.54 pending=$50.00 mode=enabled status=address:ok,funder:ok
2026-04-12T06:17:47.938Z  [SIGNAL/OBSERVE] SKIP conf=0.72 src=ml U=27.9% D=72.1% | ml: edge -12.0% below 5%
2026-04-12T06:18:45.630Z  [CLAIM] scan scheduled candidates=0 claimable=$42.54 pending=$50.00 mode=enabled status=address:ok,funder:ok
2026-04-12T06:19:47.478Z  [CLAIM] scan scheduled candidates=0 claimable=$42.54 pending=$50.00 mode=enabled status=address:ok,funder:ok
2026-04-12T06:20:02.786Z  [MKT] Window: Bitcoin Up or Down - April 12, 2:20AM-2:25AM ET | beat=$71,730.18 | ends 06:25:00 UTC
2026-04-12T06:20:03.964Z  [PRED/LIVE] DOWN HIT | actual=DOWN gate=— window=06:15
2026-04-12T06:20:03.964Z  [PRED/LIVE] DOWN HIT | actual=DOWN gate=— window=06:15
2026-04-12T06:20:03.965Z  [PRED/LIVE] DOWN HIT | actual=DOWN gate=— window=06:15
2026-04-12T06:20:03.965Z  [PRED/LIVE] DOWN HIT | actual=DOWN gate=— window=06:15
2026-04-12T06:20:03.965Z  [PRED/LIVE] DOWN HIT | actual=DOWN gate=— window=06:15
2026-04-12T06:20:03.965Z  [PRED/LIVE] DOWN HIT | actual=DOWN gate=— window=06:15
2026-04-12T06:20:03.966Z  [PRED/LIVE] DOWN HIT | actual=DOWN gate=— window=06:15
2026-04-12T06:20:03.966Z  [PRED/LIVE] DOWN HIT | actual=DOWN gate=— window=06:15
2026-04-12T06:20:08.227Z  [MKTWS] Market WebSocket connected
2026-04-12T06:20:49.315Z  [CLAIM] scan scheduled candidates=0 claimable=$42.54 pending=$50.00 mode=enabled status=address:ok,funder:ok
2026-04-12T06:21:06.534Z  [SIGNAL/OBSERVE] SKIP conf=0.72 src=ml U=27.9% D=72.1% | ml: edge -8.7% below 5%
2026-04-12T06:21:11.582Z  [SIGNAL/OBSERVE] BUY_DOWN conf=0.87 src=ml U=13.2% D=86.8% | ml: BUY_DOWN prob=87% edge=+73.6%
2026-04-12T06:21:51.112Z  [CLAIM] scan scheduled candidates=0 claimable=$42.54 pending=$50.00 mode=enabled status=address:ok,funder:ok
2026-04-12T06:22:46.773Z  [SIGNAL/OBSERVE] SKIP conf=0.72 src=ml U=27.9% D=72.1% | ml: edge -2.5% below 5%
2026-04-12T06:22:52.830Z  [CLAIM] scan scheduled candidates=0 claimable=$42.54 pending=$50.00 mode=enabled status=address:ok,funder:ok
2026-04-12T06:23:02.959Z  [SIGNAL/RESERVE] SKIP conf=0.78 src=ml U=22.3% D=77.7% | ml: edge +2.2% below 4%
2026-04-12T06:23:16.109Z  [SIGNAL/RESERVE] BUY_DOWN conf=0.87 src=ml U=13.2% D=86.8% | ml: BUY_DOWN prob=87% edge=+5.8%
2026-04-12T06:23:41.333Z  [SIGNAL/EARLY_EXEC] SKIP conf=0.78 src=ml U=22.3% D=77.7% | ml: edge -5.2% below 3%
2026-04-12T06:23:54.565Z  [CLAIM] scan scheduled candidates=0 claimable=$42.54 pending=$50.00 mode=enabled status=address:ok,funder:ok
2026-04-12T06:23:57.697Z  [SIGNAL/EARLY_EXEC] BUY_DOWN conf=0.87 src=ml U=13.2% D=86.8% | ml: BUY_DOWN prob=87% edge=+3.3%
2026-04-12T06:23:57.697Z  [SHADOW] BUY_DOWN conf=87% — blocked by GATE_LOW_CONF
2026-04-12T06:24:00.715Z  [SIGNAL/LATE_EXEC] SKIP conf=0.87 src=ml U=13.2% D=86.8% | ml: edge -1.4% below 5%
2026-04-12T06:24:05.747Z  [SIGNAL/LATE_EXEC] BUY_DOWN conf=0.92 src=ml U=7.9% D=92.1% | ml: BUY_DOWN prob=92% edge=+8.3%
2026-04-12T06:24:05.748Z  [EXECUTE] 245s | BTC 0.09% → DOWN @ 0.850 | align=1 CVD=NONE | placing live order…
2026-04-12T06:24:05.936Z  [TRADE] Aborted — live balance $3.24 below market minimum $4.25 (5.00 shares @ 0.85)
2026-04-12T06:24:47.157Z  [SIGNAL/LATE_EXEC] SKIP conf=0.65 src=ml U=34.5% D=65.5% | ml: candidate confidence 65% below 78%
2026-04-12T06:24:56.326Z  [CLAIM] scan scheduled candidates=0 claimable=$42.54 pending=$50.00 mode=enabled status=address:ok,funder:ok
2026-04-12T06:25:04.563Z  [MKT] Window: Bitcoin Up or Down - April 12, 2:25AM-2:30AM ET | beat=$71,744.39 | ends 06:30:00 UTC
2026-04-12T06:25:05.348Z  [MKTWS] Market WebSocket connected
2026-04-12T06:25:05.425Z  [SIGNAL/OBSERVE] SKIP conf=0.68 src=ml U=31.7% D=68.3% | ml: candidate confidence 68% below 70%
2026-04-12T06:25:05.763Z  [PRED/LIVE] DOWN MISS | actual=UP gate=— window=06:20
2026-04-12T06:25:05.763Z  [PRED/LIVE] DOWN MISS | actual=UP gate=— window=06:20
2026-04-12T06:25:05.764Z  [PRED/LIVE] DOWN MISS | actual=UP gate=GATE_LOW_CONF window=06:20
2026-04-12T06:25:05.764Z  [PRED/LIVE] DOWN MISS | actual=UP gate=— window=06:20
2026-04-12T06:25:16.562Z  [SIGNAL/OBSERVE] BUY_DOWN conf=0.72 src=ml U=27.9% D=72.1% | ml: BUY_DOWN prob=72% edge=+47.2%
2026-04-12T06:25:26.640Z  [SIGNAL/OBSERVE] BUY_DOWN conf=0.83 src=ml U=16.5% D=83.5% | ml: BUY_DOWN prob=83% edge=+60.5%
2026-04-12T06:25:31.708Z  [SIGNAL/OBSERVE] SKIP conf=0.68 src=ml U=31.7% D=68.3% | ml: candidate confidence 68% below 70%
2026-04-12T06:25:36.745Z  [SIGNAL/OBSERVE] BUY_DOWN conf=0.72 src=ml U=27.9% D=72.1% | ml: BUY_DOWN prob=72% edge=+44.3%
2026-04-12T06:25:50.929Z  [SIGNAL/OBSERVE] SKIP conf=0.65 src=ml U=35.3% D=64.7% | ml: candidate confidence 65% below 70%
2026-04-12T06:25:58.088Z  [CLAIM] scan scheduled candidates=0 claimable=$42.54 pending=$50.00 mode=enabled status=address:ok,funder:ok
2026-04-12T06:26:59.853Z  [CLAIM] scan scheduled candidates=0 claimable=$42.54 pending=$50.00 mode=enabled status=address:ok,funder:ok
2026-04-12T06:27:11.972Z  [SIGNAL/OBSERVE] BUY_DOWN conf=0.78 src=ml U=22.3% D=77.7% | ml: BUY_DOWN prob=78% edge=+55.4%
2026-04-12T06:27:32.125Z  [SIGNAL/OBSERVE] BUY_DOWN conf=0.72 src=ml U=27.9% D=72.1% | ml: BUY_DOWN prob=72% edge=+44.3%
2026-04-12T06:27:42.201Z  [SIGNAL/OBSERVE] SKIP conf=0.65 src=ml U=34.5% D=65.5% | ml: candidate confidence 65% below 70%
2026-04-12T06:27:57.326Z  [SIGNAL/OBSERVE] BUY_DOWN conf=0.72 src=ml U=27.9% D=72.1% | ml: BUY_DOWN prob=72% edge=+44.3%
2026-04-12T06:28:01.715Z  [CLAIM] scan scheduled candidates=0 claimable=$42.54 pending=$50.00 mode=enabled status=address:ok,funder:ok
2026-04-12T06:28:02.649Z  [SIGNAL/RESERVE] SKIP conf=0.72 src=ml U=27.9% D=72.1% | ml: candidate confidence 72% below 74%
2026-04-12T06:28:21.889Z  [SIGNAL/RESERVE] BUY_DOWN conf=0.78 src=ml U=22.3% D=77.7% | ml: BUY_DOWN prob=78% edge=+55.4%
2026-04-12T06:28:26.936Z  [SIGNAL/RESERVE] SKIP conf=0.68 src=ml U=31.7% D=68.3% | ml: candidate confidence 68% below 74%
2026-04-12T06:28:31.988Z  [SIGNAL/EARLY_EXEC] SKIP conf=0.72 src=ml U=27.9% D=72.1% | ml: candidate confidence 72% below 74%
2026-04-12T06:28:42.069Z  [SIGNAL/EARLY_EXEC] SKIP conf=0.65 src=ml U=34.5% D=65.5% | ml: candidate confidence 65% below 74%
2026-04-12T06:29:02.237Z  [SIGNAL/LATE_EXEC] SKIP conf=0.65 src=ml U=34.5% D=65.5% | ml: candidate confidence 65% below 78%
2026-04-12T06:29:03.496Z  [CLAIM] scan scheduled candidates=0 claimable=$42.54 pending=$50.00 mode=enabled status=address:ok,funder:ok
2026-04-12T06:29:33.775Z  [SIGNAL/LATE_EXEC] BUY_DOWN conf=0.87 src=ml U=13.2% D=86.8% | ml: BUY_DOWN prob=87% edge=+9.9%
2026-04-12T06:29:33.776Z  [SHADOW] BUY_DOWN conf=87% — blocked by GATE_BANDAR_PUSH
2026-04-12T06:29:39.850Z  [SHADOW] BUY_DOWN conf=87% — blocked by GATE_LATE_PROXIMITY_RISK
2026-04-12T06:29:52.955Z  [SIGNAL/TOO_LATE] BUY_DOWN conf=0.87 src=ml U=13.2% D=86.8% | ml: BUY_DOWN prob=87% edge=+141.1%
2026-04-12T06:29:52.957Z  [SHADOW] BUY_DOWN conf=87% — blocked by GATE_TOO_LATE
2026-04-12T06:30:01.184Z  [MKT] Window: Bitcoin Up or Down - April 12, 2:30AM-2:35AM ET | beat=$71,741.69 | ends 06:35:00 UTC
2026-04-12T06:30:02.028Z  [SIGNAL/OBSERVE] SKIP conf=0.56 src=ml U=56.4% D=43.6% | ml: candidate confidence 56% below 70%
2026-04-12T06:30:03.037Z  [SIGNAL/OBSERVE] SKIP conf=0.68 src=ml U=67.7% D=32.3% | ml: candidate confidence 68% below 70%
2026-04-12T06:30:05.389Z  [CLAIM] scan scheduled candidates=0 claimable=$42.54 pending=$50.00 mode=enabled status=address:ok,funder:ok
2026-04-12T06:30:06.810Z  [MKTWS] Market WebSocket connected
2026-04-12T06:30:07.319Z  [PRED/LIVE] DOWN HIT | actual=DOWN gate=— window=06:25
2026-04-12T06:30:07.319Z  [PRED/LIVE] DOWN HIT | actual=DOWN gate=— window=06:25
2026-04-12T06:30:07.320Z  [PRED/LIVE] DOWN HIT | actual=DOWN gate=— window=06:25
2026-04-12T06:30:07.320Z  [PRED/LIVE] DOWN HIT | actual=DOWN gate=— window=06:25
2026-04-12T06:30:07.320Z  [PRED/LIVE] DOWN HIT | actual=DOWN gate=— window=06:25
2026-04-12T06:30:07.321Z  [PRED/LIVE] DOWN HIT | actual=DOWN gate=— window=06:25
2026-04-12T06:30:07.321Z  [PRED/LIVE] DOWN HIT | actual=DOWN gate=— window=06:25
2026-04-12T06:30:07.321Z  [PRED/LIVE] DOWN HIT | actual=DOWN gate=— window=06:25
2026-04-12T06:30:07.322Z  [PRED/LIVE] DOWN HIT | actual=DOWN gate=— window=06:25
2026-04-12T06:30:07.322Z  [PRED/LIVE] DOWN HIT | actual=DOWN gate=— window=06:25
2026-04-12T06:30:07.322Z  [PRED/LIVE] DOWN HIT | actual=DOWN gate=GATE_BANDAR_PUSH window=06:25
2026-04-12T06:30:07.322Z  [PRED/LIVE] DOWN HIT | actual=DOWN gate=GATE_LATE_PROXIMITY_RISK window=06:25
2026-04-12T06:30:07.323Z  [PRED/LIVE] DOWN HIT | actual=DOWN gate=GATE_TOO_LATE window=06:25
2026-04-12T06:30:09.405Z  [SIGNAL/OBSERVE] SKIP conf=0.59 src=ml U=59.5% D=40.5% | ml: candidate confidence 59% below 70%
2026-04-12T06:30:17.491Z  [SIGNAL/OBSERVE] SKIP conf=0.68 src=ml U=67.7% D=32.3% | ml: edge +4.2% below 5%
2026-04-12T06:30:23.301Z  [BOT] Starting up…
2026-04-12T06:30:23.302Z  [BUDGET] Replayed 8 daily cashflow event(s) spent=$11.35 returned=$4.90 left=$inf
2026-04-12T06:30:23.593Z  [HISTORY] Warmed 50 settled outcomes for calibration/context
2026-04-12T06:30:23.594Z  [HISTORY] Warmed 20 settled bets for UI history
2026-04-12T06:30:24.053Z  [PAPER] Warmed 2948 resolved paper analytics entries
2026-04-12T06:30:24.053Z  [PAPER] Restored 15608 pending paper prediction(s)
2026-04-12T06:30:24.056Z  [CLAIM] Warmed 54 claim record(s)
2026-04-12T06:30:24.061Z  [ML] Activated model 20260411T120821Z-s20 source=ml state=active thresholds=rtp_v1
2026-04-12T06:30:25.716Z  [CONTINUITY] mode=live model=20260411T120821Z-s20 state=active thresholds=rtp_v1
2026-04-12T06:30:25.717Z  [CONTINUITY] recent24 buy=100% exec=50% fail=17% reserve=21% | recent100 buy=100% exec=35% fail=16%
2026-04-12T06:30:25.749Z  [ML] Starting background bootstrap
2026-04-12T06:30:25.859Z  [MKT] Window: Bitcoin Up or Down - April 12, 2:30AM-2:35AM ET | beat=$0.00 | ends 06:35:00 UTC
2026-04-12T06:30:26.006Z  [HL] Hyperliquid WebSocket connected
2026-04-12T06:30:26.154Z  [BTC] Binance WebSocket connected
2026-04-12T06:30:26.547Z  [CLAIM] scan startup candidates=0 claimable=$42.54 pending=$50.00 mode=enabled status=address:ok,funder:ok
2026-04-12T06:30:28.154Z  [MKTWS] Market WebSocket connected
2026-04-12T06:30:30.929Z  [ML] Backfilled 113 pending label(s) from feature logs
2026-04-12T06:30:31.400Z  [MKT] Beat price set retroactively: $71,711.08
2026-04-12T06:30:37.720Z  [ML] Bootstrap trained 20260412T063036Z-s20 state=shadow ap=0.748 cv_ap=0.762 ev=+0.65
2026-04-12T06:30:46.745Z  [SIGNAL/OBSERVE] SKIP conf=0.65 src=ml U=34.5% D=65.5% | ml: candidate confidence 65% below 70%
2026-04-12T06:31:18.842Z  [SIGNAL/OBSERVE] SKIP conf=0.53 src=ml U=47.1% D=52.9% | ml: edge -38.5% below 5%
2026-04-12T06:31:24.853Z  [SIGNAL/OBSERVE] SKIP conf=0.65 src=ml U=34.5% D=65.5% | ml: edge -24.7% below 5%
2026-04-12T06:32:15.212Z  [SIGNAL/OBSERVE] SKIP conf=0.83 src=ml U=16.5% D=83.5% | ml: edge -11.2% below 5%
2026-04-12T06:33:08.560Z  [SIGNAL/RESERVE] SKIP conf=0.83 src=ml U=16.5% D=83.5% | ml: edge -12.6% below 4%
2026-04-12T06:34:35.087Z  [SIGNAL/LATE_EXEC] BUY_DOWN conf=0.92 src=ml U=7.9% D=92.1% | ml: BUY_DOWN prob=92% edge=+84.2%
2026-04-12T06:34:35.090Z  [SHADOW] BUY_DOWN conf=92% — blocked by GATE_LATE_PROXIMITY_RISK
2026-04-12T06:34:37.096Z  [SIGNAL/LATE_EXEC] SKIP conf=0.87 src=ml U=13.2% D=86.8% | ml: edge -12.3% below 5%
2026-04-12T06:34:52.257Z  [SIGNAL/TOO_LATE] SKIP conf=0.87 src=ml U=13.2% D=86.8% | ml: edge -12.8% below 5%
2026-04-12T06:35:00.759Z  [MKT] Window: Bitcoin Up or Down - April 12, 2:35AM-2:40AM ET | beat=$71,690.35 | ends 06:40:00 UTC
2026-04-12T06:35:01.449Z  [MKTWS] Market WebSocket connected
2026-04-12T06:35:27.418Z  [PRED/LIVE] DOWN HIT | actual=DOWN gate=GATE_LATE_PROXIMITY_RISK window=06:30
2026-04-12T06:35:27.426Z  [SIGNAL/OBSERVE] SKIP conf=0.51 src=ml U=49.4% D=50.6% | ml: probability spread 1.2% too small
2026-04-12T06:35:28.382Z  [CLAIM] scan scheduled candidates=0 claimable=$42.54 pending=$50.00 mode=enabled status=address:ok,funder:ok
2026-04-12T06:35:42.589Z  [SIGNAL/OBSERVE] SKIP conf=0.61 src=ml U=39.2% D=60.8% | ml: candidate confidence 61% below 70%
2026-04-12T06:36:08.809Z  [SIGNAL/OBSERVE] BUY_DOWN conf=0.72 src=ml U=27.9% D=72.1% | ml: BUY_DOWN prob=72% edge=+44.3%
2026-04-12T06:36:17.894Z  [SIGNAL/OBSERVE] SKIP conf=0.68 src=ml U=31.7% D=68.3% | ml: candidate confidence 68% below 70%
2026-04-12T06:36:27.942Z  [SIGNAL/OBSERVE] SKIP conf=0.51 src=ml U=49.4% D=50.6% | ml: probability spread 1.2% too small
2026-04-12T06:36:38.107Z  [SIGNAL/OBSERVE] SKIP conf=0.65 src=ml U=34.5% D=65.5% | ml: candidate confidence 65% below 70%
2026-04-12T06:36:43.130Z  [SIGNAL/OBSERVE] SKIP conf=0.51 src=ml U=49.4% D=50.6% | ml: probability spread 1.2% too small
2026-04-12T06:36:48.160Z  [SIGNAL/OBSERVE] SKIP conf=0.68 src=ml U=31.7% D=68.3% | ml: candidate confidence 68% below 70%
2026-04-12T06:36:53.189Z  [SIGNAL/OBSERVE] BUY_DOWN conf=0.78 src=ml U=22.3% D=77.7% | ml: BUY_DOWN prob=78% edge=+55.4%
2026-04-12T06:36:58.302Z  [SIGNAL/OBSERVE] BUY_DOWN conf=0.72 src=ml U=27.9% D=72.1% | ml: BUY_DOWN prob=72% edge=+41.4%
2026-04-12T06:37:08.412Z  [SIGNAL/OBSERVE] SKIP conf=0.68 src=ml U=31.7% D=68.3% | ml: candidate confidence 68% below 70%
2026-04-12T06:37:18.491Z  [SIGNAL/OBSERVE] BUY_DOWN conf=0.72 src=ml U=27.9% D=72.1% | ml: BUY_DOWN prob=72% edge=+41.4%
2026-04-12T06:37:45.792Z  [SIGNAL/OBSERVE] SKIP conf=0.65 src=ml U=34.5% D=65.5% | ml: candidate confidence 65% below 70%
2026-04-12T06:38:04.024Z  [SIGNAL/RESERVE] SKIP conf=0.53 src=ml U=47.1% D=52.9% | ml: candidate confidence 53% below 74%
2026-04-12T06:38:14.106Z  [SIGNAL/RESERVE] SKIP conf=0.65 src=ml U=35.3% D=64.7% | ml: candidate confidence 65% below 74%
2026-04-12T06:39:40.119Z  [SIGNAL/LATE_EXEC] SKIP conf=0.78 src=ml U=22.3% D=77.7% | ml: candidate confidence 78% below 78%
2026-04-12T06:39:44.151Z  [SIGNAL/LATE_EXEC] SKIP conf=0.72 src=ml U=27.9% D=72.1% | ml: candidate confidence 72% below 78%
2026-04-12T06:39:49.195Z  [SIGNAL/TOO_LATE] BUY_DOWN conf=0.72 src=ml U=27.9% D=72.1% | ml: BUY_DOWN prob=72% edge=+71.7%
2026-04-12T06:39:49.196Z  [SHADOW] BUY_DOWN conf=72% — blocked by GATE_TOO_LATE
2026-04-12T06:39:54.258Z  [SIGNAL/TOO_LATE] BUY_DOWN conf=0.87 src=ml U=13.2% D=86.8% | ml: BUY_DOWN prob=87% edge=+73.6%
2026-04-12T06:39:54.259Z  [SHADOW] BUY_DOWN conf=87% — blocked by GATE_TOO_LATE
2026-04-12T06:40:00.394Z  [MKT] Window: Bitcoin Up or Down - April 12, 2:40AM-2:45AM ET | beat=$71,691.67 | ends 06:45:00 UTC
2026-04-12T06:40:05.808Z  [MKTWS] Market WebSocket connected
2026-04-12T06:40:29.232Z  [PRED/LIVE] DOWN MISS | actual=UP gate=— window=06:35
2026-04-12T06:40:29.233Z  [PRED/LIVE] DOWN MISS | actual=UP gate=— window=06:35
2026-04-12T06:40:29.233Z  [PRED/LIVE] DOWN MISS | actual=UP gate=— window=06:35
2026-04-12T06:40:29.233Z  [PRED/LIVE] DOWN MISS | actual=UP gate=— window=06:35
2026-04-12T06:40:29.234Z  [PRED/LIVE] DOWN MISS | actual=UP gate=— window=06:35
2026-04-12T06:40:29.234Z  [PRED/LIVE] DOWN MISS | actual=UP gate=— window=06:35
2026-04-12T06:40:29.234Z  [PRED/LIVE] DOWN MISS | actual=UP gate=GATE_TOO_LATE window=06:35
2026-04-12T06:40:29.235Z  [PRED/LIVE] DOWN MISS | actual=UP gate=GATE_TOO_LATE window=06:35
2026-04-12T06:40:30.263Z  [CLAIM] scan scheduled candidates=0 claimable=$42.54 pending=$50.00 mode=enabled status=address:ok,funder:ok
2026-04-12T06:41:14.680Z  [SIGNAL/OBSERVE] SKIP conf=0.68 src=ml U=31.7% D=68.3% | ml: candidate confidence 68% below 70%
2026-04-12T06:41:34.879Z  [SIGNAL/OBSERVE] SKIP conf=0.51 src=ml U=49.4% D=50.6% | ml: probability spread 1.2% too small
2026-04-12T06:41:50.050Z  [SIGNAL/OBSERVE] SKIP conf=0.56 src=ml U=56.4% D=43.6% | ml: edge -6.0% below 5%
2026-04-12T06:42:10.253Z  [SIGNAL/OBSERVE] SKIP conf=0.65 src=ml U=34.5% D=65.5% | ml: candidate confidence 65% below 70%
2026-04-12T06:42:31.439Z  [SIGNAL/OBSERVE] SKIP conf=0.53 src=ml U=47.1% D=52.9% | ml: candidate confidence 53% below 70%
2026-04-12T06:43:05.900Z  [SIGNAL/RESERVE] SKIP conf=0.72 src=ml U=27.9% D=72.1% | ml: candidate confidence 72% below 74%
2026-04-12T06:43:35.416Z  [SIGNAL/EARLY_EXEC] SKIP conf=0.55 src=ml U=44.6% D=55.4% | ml: candidate confidence 55% below 74%
2026-04-12T06:44:00.736Z  [SIGNAL/LATE_EXEC] SKIP conf=0.65 src=ml U=34.5% D=65.5% | ml: edge +3.9% below 5%
2026-04-12T06:45:01.561Z  [MKT] Window: Bitcoin Up or Down - April 12, 2:45AM-2:50AM ET | beat=$71,691.22 | ends 06:50:00 UTC
2026-04-12T06:45:07.044Z  [MKTWS] Market WebSocket connected
2026-04-12T06:45:32.157Z  [CLAIM] scan scheduled candidates=0 claimable=$42.54 pending=$50.00 mode=enabled status=address:ok,funder:ok
2026-04-12T06:46:26.658Z  [SIGNAL/OBSERVE] SKIP conf=0.67 src=ml U=32.6% D=67.4% | ml: candidate confidence 67% below 70%
2026-04-12T06:47:57.700Z  [SIGNAL/OBSERVE] BUY_DOWN conf=0.72 src=ml U=27.9% D=72.1% | ml: BUY_DOWN prob=72% edge=+44.3%
2026-04-12T06:48:02.760Z  [SIGNAL/RESERVE] SKIP conf=0.72 src=ml U=27.9% D=72.1% | ml: candidate confidence 72% below 74%
2026-04-12T06:48:42.254Z  [SIGNAL/EARLY_EXEC] SKIP conf=0.65 src=ml U=34.5% D=65.5% | ml: candidate confidence 65% below 74%
2026-04-12T06:49:02.621Z  [SIGNAL/LATE_EXEC] SKIP conf=0.72 src=ml U=27.9% D=72.1% | ml: candidate confidence 72% below 78%
2026-04-12T06:49:07.663Z  [SIGNAL/LATE_EXEC] SKIP conf=0.65 src=ml U=34.5% D=65.5% | ml: edge +0.7% below 5%
2026-04-12T06:49:43.007Z  [SIGNAL/LATE_EXEC] SKIP conf=0.55 src=ml U=44.6% D=55.4% | ml: candidate confidence 55% below 78%
2026-04-12T06:50:03.882Z  [MKT] Window: Bitcoin Up or Down - April 12, 2:50AM-2:55AM ET | beat=$71,691.75 | ends 06:55:00 UTC
2026-04-12T06:50:04.546Z  [MKTWS] Market WebSocket connected
2026-04-12T06:50:32.914Z  [PRED/LIVE] DOWN MISS | actual=UP gate=— window=06:45
2026-04-12T06:50:33.820Z  [CLAIM] scan scheduled candidates=0 claimable=$42.54 pending=$50.00 mode=enabled status=address:ok,funder:ok
2026-04-12T06:50:53.103Z  [SIGNAL/OBSERVE] SKIP conf=0.55 src=ml U=54.9% D=45.1% | ml: candidate confidence 55% below 70%
2026-04-12T06:51:48.751Z  [SIGNAL/OBSERVE] SKIP conf=0.55 src=ml U=44.6% D=55.4% | ml: candidate confidence 55% below 70%
2026-04-12T06:51:58.854Z  [SIGNAL/OBSERVE] SKIP conf=0.61 src=ml U=39.2% D=60.8% | ml: candidate confidence 61% below 70%
2026-04-12T06:53:29.027Z  [SIGNAL/RESERVE] SKIP conf=0.65 src=ml U=34.5% D=65.5% | ml: candidate confidence 65% below 74%
2026-04-12T06:53:39.109Z  [SIGNAL/EARLY_EXEC] SKIP conf=0.65 src=ml U=35.3% D=64.7% | ml: candidate confidence 65% below 74%
2026-04-12T06:54:04.361Z  [SIGNAL/LATE_EXEC] BUY_DOWN conf=0.87 src=ml U=13.2% D=86.8% | ml: BUY_DOWN prob=87% edge=+73.6%
2026-04-12T06:54:04.363Z  [EXECUTE] 244s | BTC 0.04% → DOWN @ 0.500 | align=3 CVD=NONE | placing live order…
2026-04-12T06:54:04.609Z  [KELLY/MIN_ORDER] $1.00 -> $2.50 (5.00 shares @ 0.50)
2026-04-12T06:54:04.610Z  [KELLY/GOLD] bankroll=$3.24 conf=0.87 implied=0.500 → bet=$2.50
2026-04-12T06:54:05.563Z  [LIVE/GOLD] BET DOWN $2.50 @ 0.500 align=3 CVD=NONE | order=0x689244ae2afc02835a173d5d0448673bb78c4f02a58341d18a6bd1cdcf91109e
2026-04-12T06:54:09.635Z  [SIGNAL/LATE_EXEC] SKIP conf=0.78 src=ml U=22.3% D=77.7% | ml: candidate confidence 78% below 78%
2026-04-12T06:55:05.001Z  [MKT] Window: Bitcoin Up or Down - April 12, 2:55AM-3:00AM ET | beat=$71,695.80 | ends 07:00:00 UTC
2026-04-12T06:55:05.018Z  [SIGNAL/OBSERVE] SKIP conf=0.61 src=ml U=39.2% D=60.8% | ml: candidate confidence 61% below 70%
2026-04-12T06:55:06.103Z  [MKTWS] Market WebSocket connected
2026-04-12T06:55:34.658Z  [SETTLE_POLL] No Chainlink settlement yet for 0x6f7f1f (34s post-expiry) — will retry
2026-04-12T06:55:35.015Z  [PRED/LIVE] DOWN MISS | actual=UP gate=— window=06:50
2026-04-12T06:55:35.853Z  [CLAIM] scan scheduled candidates=0 claimable=$42.54 pending=$50.00 mode=enabled status=address:ok,funder:ok
2026-04-12T06:56:35.287Z  [SETTLE_POLL] No Chainlink settlement yet for 0x6f7f1f (95s post-expiry) — will retry
2026-04-12T06:56:49.877Z  [SIGNAL/OBSERVE] BUY_DOWN conf=0.78 src=ml U=22.3% D=77.7% | ml: BUY_DOWN prob=78% edge=+55.4%
2026-04-12T06:57:06.039Z  [SIGNAL/OBSERVE] BUY_DOWN conf=0.72 src=ml U=27.9% D=72.1% | ml: BUY_DOWN prob=72% edge=+44.3%
2026-04-12T06:57:11.068Z  [SIGNAL/OBSERVE] SKIP conf=0.72 src=ml U=27.9% D=72.1% | ml: edge +1.6% below 5%
2026-04-12T06:57:17.128Z  [SIGNAL/OBSERVE] BUY_DOWN conf=0.78 src=ml U=22.3% D=77.7% | ml: BUY_DOWN prob=78% edge=+55.4%
2026-04-12T06:57:36.062Z  [SETTLE_POLL] No Chainlink settlement yet for 0x6f7f1f (156s post-expiry) — will retry
2026-04-12T06:58:17.938Z  [SIGNAL/RESERVE] BUY_DOWN conf=0.83 src=ml U=16.5% D=83.5% | ml: BUY_DOWN prob=83% edge=+21.9%
2026-04-12T06:58:31.051Z  [SIGNAL/EARLY_EXEC] BUY_DOWN conf=0.83 src=ml U=16.5% D=83.5% | ml: BUY_DOWN prob=83% edge=+17.6%
2026-04-12T06:58:31.051Z  [EXECUTE] 211s | BTC 0.08% → DOWN @ 0.710 | align=0 CVD=NONE | placing live order…
2026-04-12T06:58:31.277Z  [TRADE] Aborted — live balance $0.74 below market minimum $3.55 (5.00 shares @ 0.71)
2026-04-12T06:58:35.304Z  [SIGNAL/EARLY_EXEC] BUY_DOWN conf=0.92 src=ml U=7.9% D=92.1% | ml: BUY_DOWN prob=92% edge=+84.2%
2026-04-12T06:58:36.673Z  [SETTLE_POLL] No Chainlink settlement yet for 0x6f7f1f (216s post-expiry) — will retry
2026-04-12T06:58:44.331Z  [SIGNAL/EARLY_EXEC] BUY_DOWN conf=0.87 src=ml U=13.2% D=86.8% | ml: BUY_DOWN prob=87% edge=+20.5%
2026-04-12T06:58:46.344Z  [SIGNAL/EARLY_EXEC] BUY_DOWN conf=0.92 src=ml U=7.9% D=92.1% | ml: BUY_DOWN prob=92% edge=+84.2%
2026-04-12T06:58:51.361Z  [SIGNAL/EARLY_EXEC] BUY_DOWN conf=0.87 src=ml U=13.2% D=86.8% | ml: BUY_DOWN prob=87% edge=+20.5%
2026-04-12T06:58:55.376Z  [SIGNAL/EARLY_EXEC] BUY_DOWN conf=0.92 src=ml U=7.9% D=92.1% | ml: BUY_DOWN prob=92% edge=+32.5%
2026-04-12T06:59:07.544Z  [SIGNAL/LATE_EXEC] BUY_DOWN conf=0.93 src=ml U=6.9% D=93.1% | ml: BUY_DOWN prob=93% edge=+29.3%
2026-04-12T06:59:14.646Z  [SHADOW] BUY_DOWN conf=93% — blocked by GATE_BANDAR_PUSH
2026-04-12T06:59:19.704Z  [SHADOW] BUY_DOWN conf=93% — blocked by GATE_BANDAR_PUSH
2026-04-12T06:59:24.760Z  [SHADOW] BUY_DOWN conf=92% — blocked by GATE_BANDAR_PUSH
2026-04-12T06:59:37.297Z  [SETTLE_POLL] No Chainlink settlement yet for 0x6f7f1f (277s post-expiry) — will retry
2026-04-12T06:59:40.901Z  [SHADOW] BUY_DOWN conf=93% — blocked by GATE_LATE_PROXIMITY_RISK
2026-04-12T06:59:48.999Z  [SIGNAL/TOO_LATE] BUY_DOWN conf=0.87 src=ml U=13.2% D=86.8% | ml: BUY_DOWN prob=87% edge=+73.6%
2026-04-12T06:59:49.001Z  [SHADOW] BUY_DOWN conf=87% — blocked by GATE_TOO_LATE
2026-04-12T06:59:50.014Z  [SHADOW] BUY_DOWN conf=87% — blocked by GATE_TOO_LATE
2026-04-12T07:00:04.728Z  [MKT] Window: Bitcoin Up or Down - April 12, 3:00AM-3:05AM ET | beat=$71,692.42 | ends 07:05:00 UTC
2026-04-12T07:00:05.262Z  [SIGNAL/OBSERVE] SKIP conf=0.53 src=ml U=47.1% D=52.9% | ml: edge -26.0% below 5%
2026-04-12T07:00:05.371Z  [MKTWS] Market WebSocket connected
2026-04-12T07:00:33.613Z  [SIGNAL/OBSERVE] SKIP conf=0.65 src=ml U=35.3% D=64.7% | ml: candidate confidence 65% below 70%
2026-04-12T07:00:37.713Z  [CLAIM] scan scheduled candidates=0 claimable=$42.54 pending=$50.00 mode=enabled status=address:ok,funder:ok
2026-04-12T07:00:39.833Z  [RESULT] DOWN LOST PnL=-2.50 actual=UP
2026-04-12T07:00:42.996Z  [PRED/LIVE] DOWN HIT | actual=DOWN gate=— window=06:55
2026-04-12T07:00:42.997Z  [PRED/LIVE] DOWN HIT | actual=DOWN gate=— window=06:55
2026-04-12T07:00:42.998Z  [PRED/LIVE] DOWN HIT | actual=DOWN gate=— window=06:55
2026-04-12T07:00:43.000Z  [PRED/LIVE] DOWN HIT | actual=DOWN gate=— window=06:55
2026-04-12T07:00:43.003Z  [PRED/LIVE] DOWN HIT | actual=DOWN gate=— window=06:55
2026-04-12T07:00:43.005Z  [PRED/LIVE] DOWN HIT | actual=DOWN gate=— window=06:55
2026-04-12T07:00:43.006Z  [PRED/LIVE] DOWN HIT | actual=DOWN gate=— window=06:55
2026-04-12T07:00:43.007Z  [PRED/LIVE] DOWN HIT | actual=DOWN gate=— window=06:55
2026-04-12T07:00:43.008Z  [PRED/LIVE] DOWN HIT | actual=DOWN gate=— window=06:55
2026-04-12T07:00:43.146Z  [PRED/LIVE] DOWN HIT | actual=DOWN gate=— window=06:55
2026-04-12T07:00:43.220Z  [PRED/LIVE] DOWN HIT | actual=DOWN gate=— window=06:55
2026-04-12T07:00:43.221Z  [PRED/LIVE] DOWN HIT | actual=DOWN gate=— window=06:55
2026-04-12T07:00:43.225Z  [PRED/LIVE] DOWN HIT | actual=DOWN gate=— window=06:55
2026-04-12T07:00:43.226Z  [PRED/LIVE] DOWN HIT | actual=DOWN gate=— window=06:55
2026-04-12T07:00:43.227Z  [PRED/LIVE] DOWN HIT | actual=DOWN gate=GATE_BANDAR_PUSH window=06:55
2026-04-12T07:00:43.227Z  [PRED/LIVE] DOWN HIT | actual=DOWN gate=GATE_BANDAR_PUSH window=06:55
2026-04-12T07:00:43.228Z  [PRED/LIVE] DOWN HIT | actual=DOWN gate=GATE_BANDAR_PUSH window=06:55
2026-04-12T07:00:43.228Z  [PRED/LIVE] DOWN HIT | actual=DOWN gate=GATE_LATE_PROXIMITY_RISK window=06:55
2026-04-12T07:00:43.229Z  [PRED/LIVE] DOWN HIT | actual=DOWN gate=GATE_TOO_LATE window=06:55
2026-04-12T07:00:43.229Z  [PRED/LIVE] DOWN HIT | actual=DOWN gate=GATE_TOO_LATE window=06:55
2026-04-12T07:00:43.782Z  [ML] Drift check ap=0.871 baseline=0.774 brier=0.230
2026-04-12T07:01:20.773Z  [SIGNAL/OBSERVE] BUY_DOWN conf=0.70 src=ml U=29.9% D=70.1% | ml: BUY_DOWN prob=70% edge=+40.3%
2026-04-12T07:02:47.207Z  [SIGNAL/OBSERVE] SKIP conf=0.65 src=ml U=34.5% D=65.5% | ml: candidate confidence 65% below 70%
2026-04-12T07:02:55.347Z  [SIGNAL/OBSERVE] BUY_DOWN conf=0.72 src=ml U=27.9% D=72.1% | ml: BUY_DOWN prob=72% edge=+44.3%
2026-04-12T07:03:01.404Z  [SIGNAL/RESERVE] SKIP conf=0.65 src=ml U=35.3% D=64.7% | ml: candidate confidence 65% below 74%
2026-04-12T07:03:22.699Z  [SIGNAL/RESERVE] SKIP conf=0.78 src=ml U=22.3% D=77.7% | ml: edge -18.2% below 4%
2026-04-12T07:03:34.830Z  [SIGNAL/EARLY_EXEC] BUY_DOWN conf=0.83 src=ml U=16.5% D=83.5% | ml: BUY_DOWN prob=83% edge=+66.9%
2026-04-12T07:03:34.834Z  [EXECUTE] 214s | BTC 0.13% → DOWN @ 0.500 | align=2 CVD=NONE | placing live order…
2026-04-12T07:03:35.068Z  [TRADE] Aborted — live balance $0.74 below market minimum $2.50 (5.00 shares @ 0.50)
2026-04-12T07:05:01.034Z  [MKT] Window: Bitcoin Up or Down - April 12, 3:05AM-3:10AM ET | beat=$71,641.18 | ends 07:10:00 UTC
2026-04-12T07:05:01.100Z  [SIGNAL/OBSERVE] SKIP conf=0.65 src=ml U=34.5% D=65.5% | ml: edge -33.9% below 5%
2026-04-12T07:05:05.144Z  [SIGNAL/OBSERVE] SKIP conf=0.60 src=ml U=39.6% D=60.4% | ml: candidate confidence 60% below 70%
2026-04-12T07:05:06.490Z  [MKTWS] Market WebSocket connected
2026-04-12T07:05:10.232Z  [SIGNAL/OBSERVE] SKIP conf=0.65 src=ml U=35.3% D=64.7% | ml: candidate confidence 65% below 70%
2026-04-12T07:05:20.367Z  [SIGNAL/OBSERVE] BUY_DOWN conf=0.70 src=ml U=29.9% D=70.1% | ml: BUY_DOWN prob=70% edge=+40.3%
2026-04-12T07:05:40.253Z  [CLAIM] scan scheduled candidates=0 claimable=$42.54 pending=$50.00 mode=enabled status=address:ok,funder:ok
2026-04-12T07:05:45.327Z  [PRED/LIVE] DOWN HIT | actual=DOWN gate=— window=07:00
2026-04-12T07:05:45.327Z  [PRED/LIVE] DOWN HIT | actual=DOWN gate=— window=07:00
2026-04-12T07:05:45.328Z  [PRED/LIVE] DOWN HIT | actual=DOWN gate=— window=07:00
2026-04-12T07:05:45.328Z  [PRED/LIVE] DOWN HIT | actual=DOWN gate=— window=07:00
2026-04-12T07:05:45.328Z  [PRED/LIVE] DOWN HIT | actual=DOWN gate=— window=07:00
2026-04-12T07:05:45.329Z  [PRED/LIVE] DOWN HIT | actual=DOWN gate=— window=07:00
2026-04-12T07:05:50.397Z  [SIGNAL/OBSERVE] SKIP conf=0.61 src=ml U=39.2% D=60.8% | ml: candidate confidence 61% below 70%
2026-04-12T07:06:10.690Z  [SIGNAL/OBSERVE] SKIP conf=0.68 src=ml U=31.7% D=68.3% | ml: candidate confidence 68% below 70%
2026-04-12T07:06:41.010Z  [SIGNAL/OBSERVE] BUY_DOWN conf=0.72 src=ml U=27.9% D=72.1% | ml: BUY_DOWN prob=72% edge=+44.3%
2026-04-12T07:07:26.460Z  [SIGNAL/OBSERVE] SKIP conf=0.65 src=ml U=34.5% D=65.5% | ml: candidate confidence 65% below 70%
2026-04-12T07:07:56.741Z  [SIGNAL/OBSERVE] SKIP conf=0.51 src=ml U=49.4% D=50.6% | ml: probability spread 1.2% too small
2026-04-12T07:08:06.846Z  [SIGNAL/RESERVE] SKIP conf=0.61 src=ml U=39.2% D=60.8% | ml: candidate confidence 61% below 74%
2026-04-12T07:08:11.900Z  [SIGNAL/RESERVE] SKIP conf=0.51 src=ml U=49.4% D=50.6% | ml: probability spread 1.2% too small
2026-04-12T07:08:16.967Z  [SIGNAL/RESERVE] SKIP conf=0.65 src=ml U=35.3% D=64.7% | ml: candidate confidence 65% below 74%
2026-04-12T07:10:00.574Z  [MKT] Window: Bitcoin Up or Down - April 12, 3:10AM-3:15AM ET | beat=$71,667.58 | ends 07:15:00 UTC
2026-04-12T07:10:02.537Z  [SIGNAL/OBSERVE] BUY_DOWN conf=0.72 src=ml U=27.9% D=72.1% | ml: BUY_DOWN prob=72% edge=+48.7%
2026-04-12T07:10:06.021Z  [MKTWS] Market WebSocket connected
2026-04-12T07:10:42.809Z  [CLAIM] scan scheduled candidates=0 claimable=$42.54 pending=$50.00 mode=enabled status=address:ok,funder:ok
2026-04-12T07:10:44.233Z  [SIGNAL/OBSERVE] SKIP conf=0.65 src=ml U=35.3% D=64.7% | ml: candidate confidence 65% below 70%
2026-04-12T07:10:47.384Z  [PRED/LIVE] DOWN MISS | actual=UP gate=— window=07:05
2026-04-12T07:10:47.385Z  [PRED/LIVE] DOWN MISS | actual=UP gate=— window=07:05
2026-04-12T07:10:47.385Z  [PRED/LIVE] DOWN MISS | actual=UP gate=— window=07:05
2026-04-12T07:10:52.456Z  [SIGNAL/OBSERVE] BUY_DOWN conf=0.70 src=ml U=29.9% D=70.1% | ml: BUY_DOWN prob=70% edge=+46.1%
2026-04-12T07:13:41.207Z  [SIGNAL/EARLY_EXEC] SKIP conf=0.55 src=ml U=54.9% D=45.1% | ml: edge -34.3% below 3%
2026-04-12T07:14:34.235Z  [SIGNAL/LATE_EXEC] SKIP conf=0.65 src=ml U=34.5% D=65.5% | ml: candidate confidence 65% below 78%
2026-04-12T07:14:40.283Z  [SIGNAL/LATE_EXEC] SKIP conf=0.78 src=ml U=22.3% D=77.7% | ml: candidate confidence 78% below 78%
2026-04-12T07:14:45.375Z  [SIGNAL/LATE_EXEC] BUY_DOWN conf=0.83 src=ml U=16.5% D=83.5% | ml: BUY_DOWN prob=83% edge=+66.9%
2026-04-12T07:14:45.376Z  [SHADOW] BUY_DOWN conf=83% — blocked by GATE_LATE_PROXIMITY_RISK
2026-04-12T07:14:49.479Z  [SIGNAL/TOO_LATE] BUY_DOWN conf=0.83 src=ml U=16.5% D=83.5% | ml: BUY_DOWN prob=83% edge=+66.9%
2026-04-12T07:14:49.480Z  [SHADOW] BUY_DOWN conf=83% — blocked by GATE_TOO_LATE
2026-04-12T07:14:56.525Z  [SIGNAL/TOO_LATE] SKIP conf=0.78 src=ml U=22.3% D=77.7% | ml: edge -18.2% below 5%
2026-04-12T07:15:00.982Z  [MKT] Window: Bitcoin Up or Down - April 12, 3:15AM-3:20AM ET | beat=$71,660.70 | ends 07:20:00 UTC
2026-04-12T07:15:06.458Z  [MKTWS] Market WebSocket connected
2026-04-12T07:15:09.668Z  [SIGNAL/OBSERVE] SKIP conf=0.60 src=ml U=39.6% D=60.4% | ml: candidate confidence 60% below 70%
2026-04-12T07:15:40.031Z  [SIGNAL/OBSERVE] SKIP conf=0.65 src=ml U=35.3% D=64.7% | ml: candidate confidence 65% below 70%
2026-04-12T07:15:44.994Z  [CLAIM] scan scheduled candidates=0 claimable=$42.54 pending=$50.00 mode=enabled status=address:ok,funder:ok
2026-04-12T07:15:49.504Z  [PRED/LIVE] DOWN HIT | actual=DOWN gate=— window=07:10
2026-04-12T07:15:49.506Z  [PRED/LIVE] DOWN HIT | actual=DOWN gate=— window=07:10
2026-04-12T07:15:49.506Z  [PRED/LIVE] DOWN HIT | actual=DOWN gate=— window=07:10
2026-04-12T07:15:49.506Z  [PRED/LIVE] DOWN HIT | actual=DOWN gate=— window=07:10
2026-04-12T07:15:49.507Z  [PRED/LIVE] DOWN HIT | actual=DOWN gate=GATE_LATE_PROXIMITY_RISK window=07:10
2026-04-12T07:15:49.507Z  [PRED/LIVE] DOWN HIT | actual=DOWN gate=GATE_TOO_LATE window=07:10
2026-04-12T07:15:59.964Z  [SIGNAL/OBSERVE] BUY_DOWN conf=0.72 src=ml U=27.9% D=72.1% | ml: BUY_DOWN prob=72% edge=+63.9%
2026-04-12T07:16:05.026Z  [SIGNAL/OBSERVE] SKIP conf=0.51 src=ml U=49.4% D=50.6% | ml: probability spread 1.2% too small
2026-04-12T07:16:10.100Z  [SIGNAL/OBSERVE] SKIP conf=0.65 src=ml U=34.5% D=65.5% | ml: candidate confidence 65% below 70%
2026-04-12T07:16:20.223Z  [SIGNAL/OBSERVE] BUY_DOWN conf=0.72 src=ml U=27.9% D=72.1% | ml: BUY_DOWN prob=72% edge=+22.3%
2026-04-12T07:16:35.383Z  [SIGNAL/OBSERVE] SKIP conf=0.68 src=ml U=31.7% D=68.3% | ml: candidate confidence 68% below 70%
2026-04-12T07:16:40.445Z  [SIGNAL/OBSERVE] BUY_DOWN conf=0.72 src=ml U=27.9% D=72.1% | ml: BUY_DOWN prob=72% edge=+44.3%
2026-04-12T07:16:45.514Z  [SIGNAL/OBSERVE] SKIP conf=0.68 src=ml U=31.7% D=68.3% | ml: candidate confidence 68% below 70%
2026-04-12T07:16:49.850Z  [SIGNAL/OBSERVE] BUY_DOWN conf=0.70 src=ml U=29.9% D=70.1% | ml: BUY_DOWN prob=70% edge=+40.3%
2026-04-12T07:16:59.980Z  [SIGNAL/OBSERVE] SKIP conf=0.67 src=ml U=32.6% D=67.4% | ml: candidate confidence 67% below 70%
2026-04-12T07:17:10.137Z  [SIGNAL/OBSERVE] SKIP conf=0.61 src=ml U=39.2% D=60.8% | ml: candidate confidence 61% below 70%
2026-04-12T07:17:20.236Z  [SIGNAL/OBSERVE] BUY_DOWN conf=0.70 src=ml U=29.9% D=70.1% | ml: BUY_DOWN prob=70% edge=+59.4%
2026-04-12T07:18:05.815Z  [SIGNAL/RESERVE] SKIP conf=0.72 src=ml U=27.9% D=72.1% | ml: candidate confidence 72% below 74%
2026-04-12T07:18:31.073Z  [SIGNAL/EARLY_EXEC] SKIP conf=0.70 src=ml U=29.9% D=70.1% | ml: candidate confidence 70% below 74%
2026-04-12T07:18:36.125Z  [SIGNAL/EARLY_EXEC] BUY_DOWN conf=0.83 src=ml U=16.5% D=83.5% | ml: BUY_DOWN prob=83% edge=+66.9%
2026-04-12T07:18:36.126Z  [EXECUTE] 216s | BTC 0.08% → DOWN @ 0.500 | align=2 CVD=NONE | placing live order…
2026-04-12T07:18:36.318Z  [TRADE] Aborted — live balance $0.74 below market minimum $2.50 (5.00 shares @ 0.50)
2026-04-12T07:18:40.334Z  [SIGNAL/EARLY_EXEC] SKIP conf=0.65 src=ml U=34.5% D=65.5% | ml: candidate confidence 65% below 74%
2026-04-12T07:18:50.498Z  [SIGNAL/EARLY_EXEC] SKIP conf=0.72 src=ml U=27.9% D=72.1% | ml: candidate confidence 72% below 74%
2026-04-12T07:19:05.715Z  [SIGNAL/LATE_EXEC] BUY_DOWN conf=0.83 src=ml U=16.5% D=83.5% | ml: BUY_DOWN prob=83% edge=+66.9%
2026-04-12T07:19:15.902Z  [SIGNAL/LATE_EXEC] SKIP conf=0.68 src=ml U=31.7% D=68.3% | ml: candidate confidence 68% below 78%
2026-04-12T07:20:01.638Z  [MKT] Window: Bitcoin Up or Down - April 12, 3:20AM-3:25AM ET | beat=$71,657.99 | ends 07:25:00 UTC
2026-04-12T07:20:02.450Z  [SIGNAL/OBSERVE] SKIP conf=0.65 src=ml U=35.3% D=64.7% | ml: candidate confidence 65% below 70%
2026-04-12T07:20:07.120Z  [MKTWS] Market WebSocket connected
2026-04-12T07:20:11.558Z  [SIGNAL/OBSERVE] SKIP conf=0.53 src=ml U=47.1% D=52.9% | ml: candidate confidence 53% below 70%
2026-04-12T07:20:16.628Z  [SIGNAL/OBSERVE] SKIP conf=0.61 src=ml U=39.2% D=60.8% | ml: edge +4.9% below 5%
2026-04-12T07:20:47.575Z  [CLAIM] scan scheduled candidates=0 claimable=$42.54 pending=$50.00 mode=enabled status=address:ok,funder:ok
2026-04-12T07:20:51.137Z  [PRED/LIVE] DOWN HIT | actual=DOWN gate=— window=07:15
2026-04-12T07:20:51.137Z  [PRED/LIVE] DOWN HIT | actual=DOWN gate=— window=07:15
2026-04-12T07:20:51.138Z  [PRED/LIVE] DOWN HIT | actual=DOWN gate=— window=07:15
2026-04-12T07:20:51.138Z  [PRED/LIVE] DOWN HIT | actual=DOWN gate=— window=07:15
2026-04-12T07:20:51.138Z  [PRED/LIVE] DOWN HIT | actual=DOWN gate=— window=07:15
2026-04-12T07:20:51.139Z  [PRED/LIVE] DOWN HIT | actual=DOWN gate=— window=07:15
2026-04-12T07:20:51.139Z  [PRED/LIVE] DOWN HIT | actual=DOWN gate=— window=07:15
2026-04-12T07:21:11.893Z  [SIGNAL/OBSERVE] SKIP conf=0.65 src=ml U=35.3% D=64.7% | ml: candidate confidence 65% below 70%
2026-04-12T07:23:52.120Z  [SIGNAL/EARLY_EXEC] SKIP conf=0.53 src=ml U=47.1% D=52.9% | ml: candidate confidence 53% below 74%
2026-04-12T07:24:02.241Z  [SIGNAL/LATE_EXEC] SKIP conf=0.65 src=ml U=34.5% D=65.5% | ml: candidate confidence 65% below 78%
2026-04-12T07:24:22.517Z  [SIGNAL/LATE_EXEC] SKIP conf=0.78 src=ml U=22.3% D=77.7% | ml: candidate confidence 78% below 78%
2026-04-12T07:24:27.562Z  [SIGNAL/LATE_EXEC] BUY_DOWN conf=0.83 src=ml U=16.5% D=83.5% | ml: BUY_DOWN prob=83% edge=+66.9%
2026-04-12T07:24:27.562Z  [SHADOW] BUY_DOWN conf=83% — blocked by GATE_BANDAR_PUSH
2026-04-12T07:24:32.607Z  [SIGNAL/LATE_EXEC] SKIP conf=0.72 src=ml U=27.9% D=72.1% | ml: candidate confidence 72% below 78%
2026-04-12T07:24:37.651Z  [SIGNAL/LATE_EXEC] BUY_DOWN conf=0.87 src=ml U=13.2% D=86.8% | ml: BUY_DOWN prob=87% edge=+73.6%
2026-04-12T07:24:37.652Z  [SHADOW] BUY_DOWN conf=87% — blocked by GATE_LATE_PROXIMITY_RISK
2026-04-12T07:24:49.815Z  [SIGNAL/TOO_LATE] SKIP conf=0.68 src=ml U=31.7% D=68.3% | ml: candidate confidence 68% below 70%
2026-04-12T07:25:01.830Z  [MKT] Window: Bitcoin Up or Down - April 12, 3:25AM-3:30AM ET | beat=$71,648.08 | ends 07:30:00 UTC
2026-04-12T07:25:02.068Z  [SIGNAL/OBSERVE] SKIP conf=0.78 src=ml U=22.3% D=77.7% | ml: edge -21.5% below 5%
2026-04-12T07:25:03.085Z  [SIGNAL/OBSERVE] BUY_DOWN conf=0.78 src=ml U=22.3% D=77.7% | ml: BUY_DOWN prob=78% edge=+40.0%
2026-04-12T07:25:07.304Z  [MKTWS] Market WebSocket connected
2026-04-12T07:25:37.558Z  [SIGNAL/OBSERVE] SKIP conf=0.65 src=ml U=35.3% D=64.7% | ml: edge +4.3% below 5%
2026-04-12T07:25:49.410Z  [CLAIM] scan scheduled candidates=0 claimable=$42.54 pending=$50.00 mode=enabled status=address:ok,funder:ok
2026-04-12T07:25:52.769Z  [PRED/LIVE] DOWN HIT | actual=DOWN gate=GATE_BANDAR_PUSH window=07:20
2026-04-12T07:25:52.770Z  [PRED/LIVE] DOWN HIT | actual=DOWN gate=GATE_LATE_PROXIMITY_RISK window=07:20
2026-04-12T07:27:03.176Z  [SIGNAL/OBSERVE] SKIP conf=0.61 src=ml U=39.2% D=60.8% | ml: edge -9.2% below 5%
2026-04-12T07:30:02.892Z  [MKT] Window: Bitcoin Up or Down - April 12, 3:30AM-3:35AM ET | beat=$71,658.06 | ends 07:35:00 UTC
2026-04-12T07:30:03.530Z  [MKTWS] Market WebSocket connected
2026-04-12T07:30:51.041Z  [CLAIM] scan scheduled candidates=0 claimable=$42.54 pending=$50.00 mode=enabled status=address:ok,funder:ok
2026-04-12T07:30:54.403Z  [PRED/LIVE] DOWN MISS | actual=UP gate=— window=07:25
2026-04-12T07:30:54.419Z  [SIGNAL/OBSERVE] SKIP conf=0.65 src=ml U=34.5% D=65.5% | ml: candidate confidence 65% below 70%
2026-04-12T07:31:14.637Z  [SIGNAL/OBSERVE] SKIP conf=0.51 src=ml U=49.4% D=50.6% | ml: probability spread 1.2% too small
2026-04-12T07:35:02.486Z  [MKT] Window: Bitcoin Up or Down - April 12, 3:35AM-3:40AM ET | beat=$71,669.46 | ends 07:40:00 UTC
2026-04-12T07:35:08.035Z  [MKTWS] Market WebSocket connected
2026-04-12T17:11:01.890Z  [BOT] Starting up…
2026-04-12T17:11:01.891Z  [BUDGET] Replayed 10 daily cashflow event(s) spent=$13.85 returned=$4.90 left=$inf
2026-04-12T17:11:01.988Z  [HISTORY] Warmed 50 settled outcomes for calibration/context
2026-04-12T17:11:01.989Z  [HISTORY] Warmed 20 settled bets for UI history
2026-04-12T17:11:02.320Z  [PAPER] Warmed 3005 resolved paper analytics entries
2026-04-12T17:11:02.320Z  [PAPER] Restored 15815 pending paper prediction(s)
2026-04-12T17:11:02.323Z  [CLAIM] Warmed 54 claim record(s)
2026-04-12T17:11:02.328Z  [ML] Activated model 20260411T120821Z-s20 source=ml state=active thresholds=rtp_v1
2026-04-12T17:11:03.925Z  [CONTINUITY] mode=paper model=20260411T120821Z-s20 state=active thresholds=rtp_v1
2026-04-12T17:11:03.925Z  [CONTINUITY] recent24 buy=100% exec=21% fail=25% reserve=4% | recent100 buy=100% exec=35% fail=17%
2026-04-12T17:11:03.955Z  [ML] Starting background bootstrap
2026-04-12T17:11:04.121Z  [MKT] Window: Bitcoin Up or Down - April 12, 1:10PM-1:15PM ET | beat=$0.00 | ends 17:15:00 UTC
2026-04-12T17:11:04.187Z  [HL] Hyperliquid WebSocket connected
2026-04-12T17:11:04.366Z  [BTC] Binance WebSocket connected
2026-04-12T17:11:04.831Z  [CLAIM] scan startup candidates=0 claimable=$42.54 pending=$50.00 mode=enabled status=address:ok,funder:ok
2026-04-12T17:11:06.473Z  [MKTWS] Market WebSocket connected
2026-04-12T17:11:09.235Z  [ML] Backfilled 251 pending label(s) from feature logs
2026-04-12T17:11:09.594Z  [MKT] Beat price set retroactively: $70,973.78
2026-04-12T17:11:16.039Z  [ML] Bootstrap trained 20260412T171115Z-s20 state=shadow ap=0.740 cv_ap=0.750 ev=+0.52
2026-04-12T17:11:43.316Z  [SIGNAL/OBSERVE] SKIP conf=0.70 src=ml U=29.9% D=70.1% | ml: edge -22.5% below 5%
2026-04-12T17:11:54.641Z  [SIGNAL/OBSERVE] SKIP conf=0.83 src=ml U=16.5% D=83.5% | ml: edge -12.1% below 5%
2026-04-12T17:12:38.777Z  [SIGNAL/OBSERVE] SKIP conf=0.92 src=ml U=7.9% D=92.1% | ml: edge -3.1% below 5%
2026-04-12T17:13:12.004Z  [SIGNAL/RESERVE] SKIP conf=0.87 src=ml U=13.2% D=86.8% | ml: edge -9.6% below 4%
2026-04-12T17:13:15.012Z  [SIGNAL/RESERVE] BUY_DOWN conf=0.83 src=ml U=16.5% D=83.5% | ml: BUY_DOWN prob=83% edge=+66.9%
2026-04-12T17:13:20.078Z  [SIGNAL/RESERVE] SKIP conf=0.83 src=ml U=16.5% D=83.5% | ml: edge -13.5% below 4%
2026-04-12T17:13:33.159Z  [SIGNAL/EARLY_EXEC] BUY_DOWN conf=0.87 src=ml U=13.2% D=86.8% | ml: BUY_DOWN prob=87% edge=+73.6%
2026-04-12T17:13:33.161Z  [EXECUTE] 213s | BTC 0.07% → DOWN @ 0.500 | align=1 CVD=NONE | placing paper order…
2026-04-12T17:13:33.161Z  [KELLY/GOLD] bankroll=$200.00 conf=0.87 implied=0.500 → bet=$1.00
2026-04-12T17:13:33.162Z  [PAPER/GOLD] BET DOWN $1.00 @ 0.500 align=1 CVD=NONE | order=SIM-1776014013
2026-04-12T17:14:55.869Z  [SIGNAL/TOO_LATE] SKIP conf=0.92 src=ml U=7.9% D=92.1% | ml: edge -7.0% below 5%
2026-04-12T17:15:01.198Z  [MKT] Window: Bitcoin Up or Down - April 12, 1:15PM-1:20PM ET | beat=$70,932.63 | ends 17:20:00 UTC
2026-04-12T17:15:01.915Z  [SIGNAL/OBSERVE] SKIP conf=0.65 src=ml U=34.5% D=65.5% | ml: candidate confidence 65% below 70%
2026-04-12T17:15:05.292Z  [SETTLE_POLL] No Chainlink settlement yet for 0xbaf192 (5s post-expiry) — will retry
2026-04-12T17:15:05.587Z  [PRED/PAPER] DOWN HIT | actual=DOWN gate=— window=17:10
2026-04-12T17:15:05.588Z  [PRED/PAPER] DOWN HIT | actual=DOWN gate=— window=17:10
2026-04-12T17:15:06.773Z  [MKTWS] Market WebSocket connected
2026-04-12T17:16:06.034Z  [SETTLE_POLL] No Chainlink settlement yet for 0xbaf192 (66s post-expiry) — will retry
2026-04-12T17:16:07.230Z  [CLAIM] scan scheduled candidates=0 claimable=$42.54 pending=$50.00 mode=enabled status=address:ok,funder:ok
2026-04-12T17:17:06.750Z  [SETTLE_POLL] No Chainlink settlement yet for 0xbaf192 (126s post-expiry) — will retry
2026-04-12T17:18:07.534Z  [SETTLE_POLL] No Chainlink settlement yet for 0xbaf192 (187s post-expiry) — will retry
2026-04-12T17:18:46.388Z  [SIGNAL/EARLY_EXEC] SKIP conf=0.55 src=ml U=55.5% D=44.5% | ml: edge -41.3% below 3%
2026-04-12T17:19:08.328Z  [SETTLE_POLL] No Chainlink settlement yet for 0xbaf192 (248s post-expiry) — will retry
2026-04-12T17:19:16.749Z  [SIGNAL/LATE_EXEC] SKIP conf=0.68 src=ml U=67.7% D=32.3% | ml: candidate confidence 68% below 80%
2026-04-12T17:19:41.065Z  [SIGNAL/LATE_EXEC] SKIP conf=0.90 src=ml U=89.5% D=10.5% | ml: edge -9.6% below 5%
2026-04-12T17:19:51.188Z  [SIGNAL/TOO_LATE] SKIP conf=0.90 src=ml U=89.5% D=10.5% | ml: edge -10.0% below 5%
2026-04-12T17:20:01.230Z  [MKT] Window: Bitcoin Up or Down - April 12, 1:20PM-1:25PM ET | beat=$70,978.25 | ends 17:25:00 UTC
2026-04-12T17:20:01.315Z  [SIGNAL/OBSERVE] SKIP conf=0.65 src=ml U=35.3% D=64.7% | ml: candidate confidence 65% below 70%
2026-04-12T17:20:06.702Z  [MKTWS] Market WebSocket connected
2026-04-12T17:20:08.663Z  [RESULT] DOWN WON PnL=+1.00 actual=DOWN
2026-04-12T17:21:08.915Z  [CLAIM] scan scheduled candidates=0 claimable=$42.54 pending=$50.00 mode=enabled status=address:ok,funder:ok
2026-04-12T17:21:29.112Z  [SIGNAL/OBSERVE] SKIP conf=0.60 src=ml U=39.6% D=60.4% | ml: candidate confidence 60% below 70%
2026-04-12T17:21:35.149Z  [SIGNAL/OBSERVE] SKIP conf=0.65 src=ml U=34.5% D=65.5% | ml: candidate confidence 65% below 70%
2026-04-12T19:05:18.181Z  [BOT] Starting up…
2026-04-12T19:05:18.182Z  [BUDGET] Replayed 12 daily cashflow event(s) spent=$14.85 returned=$6.90 left=$inf
2026-04-12T19:05:18.301Z  [HISTORY] Warmed 50 settled outcomes for calibration/context
2026-04-12T19:05:18.302Z  [HISTORY] Warmed 20 settled bets for UI history
2026-04-12T19:05:18.746Z  [PAPER] Warmed 3008 resolved paper analytics entries
2026-04-12T19:05:18.746Z  [PAPER] Restored 15842 pending paper prediction(s)
2026-04-12T19:05:18.748Z  [CLAIM] Warmed 54 claim record(s)
2026-04-12T19:05:18.755Z  [ML] Activated model 20260411T120821Z-s20 source=ml state=active thresholds=rtp_v1
2026-04-12T19:05:20.768Z  [CONTINUITY] mode=paper model=20260411T120821Z-s20 state=active thresholds=rtp_v1
2026-04-12T19:05:20.768Z  [CONTINUITY] recent24 buy=100% exec=25% fail=25% reserve=4% | recent100 buy=100% exec=36% fail=17%
2026-04-12T19:05:20.803Z  [ML] Starting background bootstrap
2026-04-12T19:05:20.953Z  [MKT] Window: Bitcoin Up or Down - April 12, 3:05PM-3:10PM ET | beat=$0.00 | ends 19:10:00 UTC
2026-04-12T19:05:21.088Z  [HL] Hyperliquid WebSocket connected
2026-04-12T19:05:21.303Z  [BTC] Binance WebSocket connected
2026-04-12T19:05:22.427Z  [CLAIM] scan startup candidates=0 claimable=$42.54 pending=$50.00 mode=enabled status=address:ok,funder:ok
2026-04-12T19:05:24.031Z  [MKTWS] Market WebSocket connected
2026-04-12T19:05:26.275Z  [MKT] Beat price set retroactively: $71,188.13
2026-04-12T19:05:26.478Z  [ML] Backfilled 14 pending label(s) from feature logs
2026-04-12T19:05:34.898Z  [ML] Bootstrap trained 20260412T190533Z-s20 state=shadow ap=0.745 cv_ap=0.751 ev=+0.53
2026-04-12T19:07:58.783Z  [SIGNAL/OBSERVE] BUY_DOWN conf=0.87 src=ml U=13.2% D=86.8% | ml: BUY_DOWN prob=87% edge=+73.6%
2026-04-12T19:08:01.804Z  [SIGNAL/RESERVE] BUY_DOWN conf=0.83 src=ml U=16.5% D=83.5% | ml: BUY_DOWN prob=83% edge=+66.9%
